[ 2017-01-16T15:10:33+08:00 ] 192.168.5.196 /php26/shop/index.php/cat/add
INFO: [ app_init ] --START--
INFO: Run Behavior\BuildLiteBehavior [ RunTime:0.000000s ]
INFO: [ app_init ] --END-- [ RunTime:0.000000s ]
ERR: 无法加载模块:Cat

[ 2017-01-16T15:10:49+08:00 ] 192.168.5.196 /php26/shop/index.php/Cat/add
INFO: [ app_init ] --START--
INFO: Run Behavior\BuildLiteBehavior [ RunTime:0.000000s ]
INFO: [ app_init ] --END-- [ RunTime:0.000000s ]
ERR: 无法加载模块:Cat

[ 2017-01-16T15:11:14+08:00 ] 192.168.5.196 /php26/shop/index.php/Cat/add
INFO: [ app_init ] --START--
INFO: Run Behavior\BuildLiteBehavior [ RunTime:0.000000s ]
INFO: [ app_init ] --END-- [ RunTime:0.000000s ]
ERR: 无法加载模块:Cat

[ 2017-01-16T15:34:14+08:00 ] 192.168.5.181 /php26/shop/Index.php/cat/add
INFO: [ app_init ] --START--
INFO: Run Behavior\BuildLiteBehavior [ RunTime:0.000000s ]
INFO: [ app_init ] --END-- [ RunTime:0.000000s ]
ERR: 无法加载模块:Cat

