[ 2017-03-28T09:24:55+08:00 ] 127.0.0.1 /
INFO: [ app_init ] --START--
INFO: Run Behavior\BuildLiteBehavior [ RunTime:0.000000s ]
INFO: [ app_init ] --END-- [ RunTime:0.001000s ]
INFO: [ app_begin ] --START--
INFO: Run Behavior\ReadHtmlCacheBehavior [ RunTime:0.003000s ]
INFO: [ app_begin ] --END-- [ RunTime:0.003000s ]
SQL: SHOW COLUMNS FROM `cat` [ RunTime:0.0050s ]
SQL: SELECT * FROM `cat`  [ RunTime:0.0010s ]
SQL: SHOW COLUMNS FROM `goods` [ RunTime:0.0030s ]
SQL: SELECT `goods_id`,`goods_name`,`shop_price`,`market_price`,`thumb_img` FROM `goods` WHERE ( is_hot=1 ) ORDER BY goods_id desc LIMIT 4   [ RunTime:0.0000s ]
INFO: [ view_parse ] --START--
INFO: [ template_filter ] --START--
INFO: Run Behavior\ContentReplaceBehavior [ RunTime:0.000000s ]
INFO: [ template_filter ] --END-- [ RunTime:0.000000s ]
NOTIC: [8] Use of undefined constant parent_id - assumed 'parent_id' D:\xampp\htdocs\shop\Runtime\Cache\Home\9fe8939f80330a538a90d397bb19e9e5.php 第 86 行.
NOTIC: [8] Use of undefined constant parent_id - assumed 'parent_id' D:\xampp\htdocs\shop\Runtime\Cache\Home\9fe8939f80330a538a90d397bb19e9e5.php 第 86 行.
NOTIC: [8] Use of undefined constant parent_id - assumed 'parent_id' D:\xampp\htdocs\shop\Runtime\Cache\Home\9fe8939f80330a538a90d397bb19e9e5.php 第 86 行.
NOTIC: [8] Use of undefined constant parent_id - assumed 'parent_id' D:\xampp\htdocs\shop\Runtime\Cache\Home\9fe8939f80330a538a90d397bb19e9e5.php 第 86 行.
NOTIC: [8] Use of undefined constant parent_id - assumed 'parent_id' D:\xampp\htdocs\shop\Runtime\Cache\Home\9fe8939f80330a538a90d397bb19e9e5.php 第 86 行.
NOTIC: [8] Use of undefined constant parent_id - assumed 'parent_id' D:\xampp\htdocs\shop\Runtime\Cache\Home\9fe8939f80330a538a90d397bb19e9e5.php 第 86 行.
NOTIC: [8] Use of undefined constant parent_id - assumed 'parent_id' D:\xampp\htdocs\shop\Runtime\Cache\Home\9fe8939f80330a538a90d397bb19e9e5.php 第 86 行.
NOTIC: [8] Use of undefined constant parent_id - assumed 'parent_id' D:\xampp\htdocs\shop\Runtime\Cache\Home\9fe8939f80330a538a90d397bb19e9e5.php 第 86 行.
NOTIC: [8] Use of undefined constant parent_id - assumed 'parent_id' D:\xampp\htdocs\shop\Runtime\Cache\Home\9fe8939f80330a538a90d397bb19e9e5.php 第 86 行.
NOTIC: [8] Use of undefined constant parent_id - assumed 'parent_id' D:\xampp\htdocs\shop\Runtime\Cache\Home\9fe8939f80330a538a90d397bb19e9e5.php 第 86 行.
NOTIC: [8] Use of undefined constant parent_id - assumed 'parent_id' D:\xampp\htdocs\shop\Runtime\Cache\Home\9fe8939f80330a538a90d397bb19e9e5.php 第 86 行.
NOTIC: [8] Use of undefined constant parent_id - assumed 'parent_id' D:\xampp\htdocs\shop\Runtime\Cache\Home\9fe8939f80330a538a90d397bb19e9e5.php 第 86 行.
NOTIC: [8] Use of undefined constant parent_id - assumed 'parent_id' D:\xampp\htdocs\shop\Runtime\Cache\Home\9fe8939f80330a538a90d397bb19e9e5.php 第 86 行.
NOTIC: [8] Use of undefined constant parent_id - assumed 'parent_id' D:\xampp\htdocs\shop\Runtime\Cache\Home\9fe8939f80330a538a90d397bb19e9e5.php 第 86 行.
NOTIC: [8] Use of undefined constant parent_id - assumed 'parent_id' D:\xampp\htdocs\shop\Runtime\Cache\Home\9fe8939f80330a538a90d397bb19e9e5.php 第 86 行.
INFO: Run Behavior\ParseTemplateBehavior [ RunTime:0.029002s ]
INFO: [ view_parse ] --END-- [ RunTime:0.029002s ]
INFO: [ view_filter ] --START--
INFO: Run Behavior\WriteHtmlCacheBehavior [ RunTime:0.001000s ]
INFO: [ view_filter ] --END-- [ RunTime:0.001000s ]
INFO: [ app_end ] --START--
INFO: Run Behavior\ShowPageTraceBehavior [ RunTime:0.001000s ]
INFO: [ app_end ] --END-- [ RunTime:0.001000s ]

[ 2017-03-28T09:24:56+08:00 ] 127.0.0.1 /
INFO: [ app_init ] --START--
INFO: Run Behavior\BuildLiteBehavior [ RunTime:0.000000s ]
INFO: [ app_init ] --END-- [ RunTime:0.001000s ]
INFO: [ app_begin ] --START--
INFO: Run Behavior\ReadHtmlCacheBehavior [ RunTime:0.000000s ]
INFO: [ app_begin ] --END-- [ RunTime:0.000000s ]
SQL: SHOW COLUMNS FROM `cat` [ RunTime:0.0020s ]
SQL: SELECT * FROM `cat`  [ RunTime:0.0000s ]
SQL: SHOW COLUMNS FROM `goods` [ RunTime:0.0020s ]
SQL: SELECT `goods_id`,`goods_name`,`shop_price`,`market_price`,`thumb_img` FROM `goods` WHERE ( is_hot=1 ) ORDER BY goods_id desc LIMIT 4   [ RunTime:0.0010s ]
INFO: [ view_parse ] --START--
INFO: [ template_filter ] --START--
INFO: Run Behavior\ContentReplaceBehavior [ RunTime:0.000000s ]
INFO: [ template_filter ] --END-- [ RunTime:0.000000s ]
NOTIC: [8] Use of undefined constant parent_id - assumed 'parent_id' D:\xampp\htdocs\shop\Runtime\Cache\Home\9fe8939f80330a538a90d397bb19e9e5.php 第 86 行.
NOTIC: [8] Use of undefined constant parent_id - assumed 'parent_id' D:\xampp\htdocs\shop\Runtime\Cache\Home\9fe8939f80330a538a90d397bb19e9e5.php 第 86 行.
NOTIC: [8] Use of undefined constant parent_id - assumed 'parent_id' D:\xampp\htdocs\shop\Runtime\Cache\Home\9fe8939f80330a538a90d397bb19e9e5.php 第 86 行.
NOTIC: [8] Use of undefined constant parent_id - assumed 'parent_id' D:\xampp\htdocs\shop\Runtime\Cache\Home\9fe8939f80330a538a90d397bb19e9e5.php 第 86 行.
NOTIC: [8] Use of undefined constant parent_id - assumed 'parent_id' D:\xampp\htdocs\shop\Runtime\Cache\Home\9fe8939f80330a538a90d397bb19e9e5.php 第 86 行.
NOTIC: [8] Use of undefined constant parent_id - assumed 'parent_id' D:\xampp\htdocs\shop\Runtime\Cache\Home\9fe8939f80330a538a90d397bb19e9e5.php 第 86 行.
NOTIC: [8] Use of undefined constant parent_id - assumed 'parent_id' D:\xampp\htdocs\shop\Runtime\Cache\Home\9fe8939f80330a538a90d397bb19e9e5.php 第 86 行.
NOTIC: [8] Use of undefined constant parent_id - assumed 'parent_id' D:\xampp\htdocs\shop\Runtime\Cache\Home\9fe8939f80330a538a90d397bb19e9e5.php 第 86 行.
NOTIC: [8] Use of undefined constant parent_id - assumed 'parent_id' D:\xampp\htdocs\shop\Runtime\Cache\Home\9fe8939f80330a538a90d397bb19e9e5.php 第 86 行.
NOTIC: [8] Use of undefined constant parent_id - assumed 'parent_id' D:\xampp\htdocs\shop\Runtime\Cache\Home\9fe8939f80330a538a90d397bb19e9e5.php 第 86 行.
NOTIC: [8] Use of undefined constant parent_id - assumed 'parent_id' D:\xampp\htdocs\shop\Runtime\Cache\Home\9fe8939f80330a538a90d397bb19e9e5.php 第 86 行.
NOTIC: [8] Use of undefined constant parent_id - assumed 'parent_id' D:\xampp\htdocs\shop\Runtime\Cache\Home\9fe8939f80330a538a90d397bb19e9e5.php 第 86 行.
NOTIC: [8] Use of undefined constant parent_id - assumed 'parent_id' D:\xampp\htdocs\shop\Runtime\Cache\Home\9fe8939f80330a538a90d397bb19e9e5.php 第 86 行.
NOTIC: [8] Use of undefined constant parent_id - assumed 'parent_id' D:\xampp\htdocs\shop\Runtime\Cache\Home\9fe8939f80330a538a90d397bb19e9e5.php 第 86 行.
NOTIC: [8] Use of undefined constant parent_id - assumed 'parent_id' D:\xampp\htdocs\shop\Runtime\Cache\Home\9fe8939f80330a538a90d397bb19e9e5.php 第 86 行.
INFO: Run Behavior\ParseTemplateBehavior [ RunTime:0.018001s ]
INFO: [ view_parse ] --END-- [ RunTime:0.018001s ]
INFO: [ view_filter ] --START--
INFO: Run Behavior\WriteHtmlCacheBehavior [ RunTime:0.001000s ]
INFO: [ view_filter ] --END-- [ RunTime:0.001000s ]
INFO: [ app_end ] --START--
INFO: Run Behavior\ShowPageTraceBehavior [ RunTime:0.001000s ]
INFO: [ app_end ] --END-- [ RunTime:0.001000s ]

[ 2017-03-28T09:36:59+08:00 ] 127.0.0.1 /Home/Cat/cat/cat_id/3.html
INFO: [ app_init ] --START--
INFO: Run Behavior\BuildLiteBehavior [ RunTime:0.000000s ]
INFO: [ app_init ] --END-- [ RunTime:0.001001s ]
INFO: [ app_begin ] --START--
INFO: Run Behavior\ReadHtmlCacheBehavior [ RunTime:0.001000s ]
INFO: [ app_begin ] --END-- [ RunTime:0.001000s ]
NOTIC: [2] array_reverse() expects parameter 1 to be array, null given D:\xampp\htdocs\shop\Home\Controller\CatController.class.php 第 9 行.
SQL: SHOW COLUMNS FROM `goods` [ RunTime:0.0030s ]
SQL: SELECT `goods_id`,`goods_name`,`shop_price`,`goods_img`,`market_price` FROM `goods` WHERE ( cat_id=3 )  [ RunTime:0.0010s ]
INFO: [ view_parse ] --START--
INFO: [ template_filter ] --START--
INFO: Run Behavior\ContentReplaceBehavior [ RunTime:0.000000s ]
INFO: [ template_filter ] --END-- [ RunTime:0.000000s ]
INFO: Run Behavior\ParseTemplateBehavior [ RunTime:0.026001s ]
INFO: [ view_parse ] --END-- [ RunTime:0.027001s ]
INFO: [ view_filter ] --START--
INFO: Run Behavior\WriteHtmlCacheBehavior [ RunTime:0.000000s ]
INFO: [ view_filter ] --END-- [ RunTime:0.000000s ]
INFO: [ app_end ] --START--
INFO: Run Behavior\ShowPageTraceBehavior [ RunTime:0.001000s ]
INFO: [ app_end ] --END-- [ RunTime:0.001000s ]

[ 2017-03-28T09:36:59+08:00 ] 127.0.0.1 /Home/Cat/cat/cat_id/themes/68ecshop_hechafree/images/sdgg.gif
INFO: [ app_init ] --START--
INFO: Run Behavior\BuildLiteBehavior [ RunTime:0.000000s ]
INFO: [ app_init ] --END-- [ RunTime:0.001000s ]

[ 2017-03-28T09:36:59+08:00 ] 127.0.0.1 /Home/Cat/cat/cat_id/images/sdgg.gif
INFO: [ app_init ] --START--
INFO: Run Behavior\BuildLiteBehavior [ RunTime:0.000000s ]
INFO: [ app_init ] --END-- [ RunTime:0.001000s ]

[ 2017-03-28T09:37:00+08:00 ] 127.0.0.1 /Home/Cat/cat/cat_id/api/cron.php-t=1452023217
INFO: [ app_init ] --START--
INFO: Run Behavior\BuildLiteBehavior [ RunTime:0.000000s ]
INFO: [ app_init ] --END-- [ RunTime:0.001000s ]
INFO: [ app_begin ] --START--
INFO: Run Behavior\ReadHtmlCacheBehavior [ RunTime:0.010001s ]
INFO: [ app_begin ] --END-- [ RunTime:0.010001s ]
NOTIC: [2] array_reverse() expects parameter 1 to be array, null given D:\xampp\htdocs\shop\Home\Controller\CatController.class.php 第 9 行.
SQL: SHOW COLUMNS FROM `goods` [ RunTime:0.0050s ]
ERR: 1054:Unknown column 'api' in 'where clause'
 [ SQL语句 ] : SELECT `goods_id`,`goods_name`,`shop_price`,`goods_img`,`market_price` FROM `goods` WHERE ( cat_id=api ) 
ERR: 1054:Unknown column 'api' in 'where clause'
 [ SQL语句 ] : SELECT `goods_id`,`goods_name`,`shop_price`,`goods_img`,`market_price` FROM `goods` WHERE ( cat_id=api ) 

[ 2017-03-28T09:37:00+08:00 ] 127.0.0.1 /Home/Cat/cat/cat_id/3.html
INFO: [ app_init ] --START--
INFO: Run Behavior\BuildLiteBehavior [ RunTime:0.000000s ]
INFO: [ app_init ] --END-- [ RunTime:0.000000s ]
INFO: [ app_begin ] --START--
INFO: Run Behavior\ReadHtmlCacheBehavior [ RunTime:0.001000s ]
INFO: [ app_begin ] --END-- [ RunTime:0.001000s ]
NOTIC: [2] array_reverse() expects parameter 1 to be array, null given D:\xampp\htdocs\shop\Home\Controller\CatController.class.php 第 9 行.
SQL: SHOW COLUMNS FROM `goods` [ RunTime:0.0050s ]
SQL: SELECT `goods_id`,`goods_name`,`shop_price`,`goods_img`,`market_price` FROM `goods` WHERE ( cat_id=3 )  [ RunTime:0.0010s ]
INFO: [ view_parse ] --START--
INFO: [ template_filter ] --START--
INFO: Run Behavior\ContentReplaceBehavior [ RunTime:0.000000s ]
INFO: [ template_filter ] --END-- [ RunTime:0.000000s ]
INFO: Run Behavior\ParseTemplateBehavior [ RunTime:0.042002s ]
INFO: [ view_parse ] --END-- [ RunTime:0.042002s ]
INFO: [ view_filter ] --START--
INFO: Run Behavior\WriteHtmlCacheBehavior [ RunTime:0.002000s ]
INFO: [ view_filter ] --END-- [ RunTime:0.002000s ]
INFO: [ app_end ] --START--
INFO: Run Behavior\ShowPageTraceBehavior [ RunTime:0.001000s ]
INFO: [ app_end ] --END-- [ RunTime:0.001000s ]

[ 2017-03-28T09:37:00+08:00 ] 127.0.0.1 /Home/Cat/cat/cat_id/3.html
INFO: [ app_init ] --START--
INFO: Run Behavior\BuildLiteBehavior [ RunTime:0.000000s ]
INFO: [ app_init ] --END-- [ RunTime:0.001000s ]
INFO: [ app_begin ] --START--
INFO: Run Behavior\ReadHtmlCacheBehavior [ RunTime:0.001000s ]
INFO: [ app_begin ] --END-- [ RunTime:0.001000s ]
NOTIC: [2] array_reverse() expects parameter 1 to be array, null given D:\xampp\htdocs\shop\Home\Controller\CatController.class.php 第 9 行.
SQL: SHOW COLUMNS FROM `goods` [ RunTime:0.0030s ]
SQL: SELECT `goods_id`,`goods_name`,`shop_price`,`goods_img`,`market_price` FROM `goods` WHERE ( cat_id=3 )  [ RunTime:0.0000s ]
INFO: [ view_parse ] --START--
INFO: [ template_filter ] --START--
INFO: Run Behavior\ContentReplaceBehavior [ RunTime:0.000000s ]
INFO: [ template_filter ] --END-- [ RunTime:0.001000s ]
INFO: Run Behavior\ParseTemplateBehavior [ RunTime:0.018001s ]
INFO: [ view_parse ] --END-- [ RunTime:0.018001s ]
INFO: [ view_filter ] --START--
INFO: Run Behavior\WriteHtmlCacheBehavior [ RunTime:0.001000s ]
INFO: [ view_filter ] --END-- [ RunTime:0.001000s ]
INFO: [ app_end ] --START--
INFO: Run Behavior\ShowPageTraceBehavior [ RunTime:0.001000s ]
INFO: [ app_end ] --END-- [ RunTime:0.001000s ]

[ 2017-03-28T09:37:01+08:00 ] 127.0.0.1 /Home/goods/goods/goods_id/8.html
INFO: [ app_init ] --START--
INFO: Run Behavior\BuildLiteBehavior [ RunTime:0.000000s ]
INFO: [ app_init ] --END-- [ RunTime:0.000000s ]
INFO: [ app_begin ] --START--
INFO: Run Behavior\ReadHtmlCacheBehavior [ RunTime:0.001000s ]
INFO: [ app_begin ] --END-- [ RunTime:0.001000s ]
SQL: SHOW COLUMNS FROM `goods` [ RunTime:0.0070s ]
SQL: SELECT * FROM `goods` WHERE `goods_id` = 8 LIMIT 1   [ RunTime:0.0010s ]
SQL: SHOW COLUMNS FROM `comment` [ RunTime:0.0040s ]
SQL: SELECT * FROM `comment` WHERE ( 1=1 AND goods_id='8' )  [ RunTime:0.0000s ]
SQL: SHOW COLUMNS FROM `cat` [ RunTime:0.0040s ]
SQL: SELECT * FROM `cat` WHERE `cat_id` = 3 LIMIT 1   [ RunTime:0.0010s ]
SQL: SELECT * FROM `cat` WHERE `cat_id` = 1 LIMIT 1   [ RunTime:0.0010s ]
INFO: [ view_parse ] --START--
INFO: [ template_filter ] --START--
INFO: Run Behavior\ContentReplaceBehavior [ RunTime:0.001000s ]
INFO: [ template_filter ] --END-- [ RunTime:0.001000s ]
INFO: Run Behavior\ParseTemplateBehavior [ RunTime:0.063003s ]
INFO: [ view_parse ] --END-- [ RunTime:0.063003s ]
INFO: [ view_filter ] --START--
INFO: Run Behavior\WriteHtmlCacheBehavior [ RunTime:0.001000s ]
INFO: [ view_filter ] --END-- [ RunTime:0.001000s ]
INFO: [ app_end ] --START--
INFO: Run Behavior\ShowPageTraceBehavior [ RunTime:0.001001s ]
INFO: [ app_end ] --END-- [ RunTime:0.001001s ]

[ 2017-03-28T09:37:02+08:00 ] 127.0.0.1 /Home/goods/goods/goods_id/api/cron.php-t=1452023217
INFO: [ app_init ] --START--
INFO: Run Behavior\BuildLiteBehavior [ RunTime:0.000000s ]
INFO: [ app_init ] --END-- [ RunTime:0.002000s ]
INFO: [ app_begin ] --START--
INFO: Run Behavior\ReadHtmlCacheBehavior [ RunTime:0.002000s ]
INFO: [ app_begin ] --END-- [ RunTime:0.002000s ]
SQL: SHOW COLUMNS FROM `goods` [ RunTime:0.0060s ]
SQL: SELECT * FROM `goods` WHERE `goods_id` = 0 LIMIT 1   [ RunTime:0.0010s ]
SQL: SHOW COLUMNS FROM `cat` [ RunTime:0.0060s ]
SQL: SELECT * FROM `cat` LIMIT 1   [ RunTime:0.0020s ]
INFO: [ view_parse ] --START--
INFO: [ template_filter ] --START--
INFO: Run Behavior\ContentReplaceBehavior [ RunTime:0.002000s ]
INFO: [ template_filter ] --END-- [ RunTime:0.002000s ]
INFO: Run Behavior\ParseTemplateBehavior [ RunTime:0.058004s ]
INFO: [ view_parse ] --END-- [ RunTime:0.058004s ]
INFO: [ view_filter ] --START--
INFO: Run Behavior\WriteHtmlCacheBehavior [ RunTime:0.001000s ]
INFO: [ view_filter ] --END-- [ RunTime:0.001000s ]
INFO: [ app_end ] --START--
INFO: Run Behavior\ShowPageTraceBehavior [ RunTime:0.011000s ]
INFO: [ app_end ] --END-- [ RunTime:0.011000s ]

[ 2017-03-28T09:37:03+08:00 ] 127.0.0.1 /Home/goods/goods/goods_id/8.html
INFO: [ app_init ] --START--
INFO: Run Behavior\BuildLiteBehavior [ RunTime:0.000000s ]
INFO: [ app_init ] --END-- [ RunTime:0.001000s ]
INFO: [ app_begin ] --START--
INFO: Run Behavior\ReadHtmlCacheBehavior [ RunTime:0.001000s ]
INFO: [ app_begin ] --END-- [ RunTime:0.001000s ]
SQL: SHOW COLUMNS FROM `goods` [ RunTime:0.0030s ]
SQL: SELECT * FROM `goods` WHERE `goods_id` = 8 LIMIT 1   [ RunTime:0.0010s ]
SQL: SHOW COLUMNS FROM `comment` [ RunTime:0.0050s ]
SQL: SELECT * FROM `comment` WHERE ( 1=1 AND goods_id='8' )  [ RunTime:0.0070s ]
SQL: SHOW COLUMNS FROM `cat` [ RunTime:0.0040s ]
SQL: SELECT * FROM `cat` WHERE `cat_id` = 3 LIMIT 1   [ RunTime:0.0000s ]
SQL: SELECT * FROM `cat` WHERE `cat_id` = 1 LIMIT 1   [ RunTime:0.0000s ]
INFO: [ view_parse ] --START--
INFO: [ template_filter ] --START--
INFO: Run Behavior\ContentReplaceBehavior [ RunTime:0.001000s ]
INFO: [ template_filter ] --END-- [ RunTime:0.001000s ]
INFO: Run Behavior\ParseTemplateBehavior [ RunTime:0.103006s ]
INFO: [ view_parse ] --END-- [ RunTime:0.104006s ]
INFO: [ view_filter ] --START--
INFO: Run Behavior\WriteHtmlCacheBehavior [ RunTime:0.002000s ]
INFO: [ view_filter ] --END-- [ RunTime:0.002000s ]
INFO: [ app_end ] --START--
INFO: Run Behavior\ShowPageTraceBehavior [ RunTime:0.021002s ]
INFO: [ app_end ] --END-- [ RunTime:0.021002s ]

[ 2017-03-28T09:37:04+08:00 ] 127.0.0.1 /Home/goods/goods/goods_id/8.html
INFO: [ app_init ] --START--
INFO: Run Behavior\BuildLiteBehavior [ RunTime:0.000000s ]
INFO: [ app_init ] --END-- [ RunTime:0.001000s ]
INFO: [ app_begin ] --START--
INFO: Run Behavior\ReadHtmlCacheBehavior [ RunTime:0.004000s ]
INFO: [ app_begin ] --END-- [ RunTime:0.004000s ]
SQL: SHOW COLUMNS FROM `goods` [ RunTime:0.0090s ]
SQL: SELECT * FROM `goods` WHERE `goods_id` = 8 LIMIT 1   [ RunTime:0.0010s ]
SQL: SHOW COLUMNS FROM `comment` [ RunTime:0.0080s ]
SQL: SELECT * FROM `comment` WHERE ( 1=1 AND goods_id='8' )  [ RunTime:0.0010s ]
SQL: SHOW COLUMNS FROM `cat` [ RunTime:0.0050s ]
SQL: SELECT * FROM `cat` WHERE `cat_id` = 3 LIMIT 1   [ RunTime:0.0000s ]
SQL: SELECT * FROM `cat` WHERE `cat_id` = 1 LIMIT 1   [ RunTime:0.0000s ]
INFO: [ view_parse ] --START--
INFO: [ template_filter ] --START--
INFO: Run Behavior\ContentReplaceBehavior [ RunTime:0.001000s ]
INFO: [ template_filter ] --END-- [ RunTime:0.001000s ]
INFO: Run Behavior\ParseTemplateBehavior [ RunTime:0.075004s ]
INFO: [ view_parse ] --END-- [ RunTime:0.075004s ]
INFO: [ view_filter ] --START--
INFO: Run Behavior\WriteHtmlCacheBehavior [ RunTime:0.002000s ]
INFO: [ view_filter ] --END-- [ RunTime:0.003000s ]
INFO: [ app_end ] --START--
INFO: Run Behavior\ShowPageTraceBehavior [ RunTime:0.013001s ]
INFO: [ app_end ] --END-- [ RunTime:0.013001s ]

[ 2017-03-28T09:37:42+08:00 ] 127.0.0.1 /Home/Flow/add/goods_id/8.html
INFO: [ app_init ] --START--
INFO: Run Behavior\BuildLiteBehavior [ RunTime:0.000000s ]
INFO: [ app_init ] --END-- [ RunTime:0.001000s ]
INFO: [ app_begin ] --START--
INFO: Run Behavior\ReadHtmlCacheBehavior [ RunTime:0.001000s ]
INFO: [ app_begin ] --END-- [ RunTime:0.001000s ]
SQL: SHOW COLUMNS FROM `goods` [ RunTime:0.0040s ]
SQL: SELECT * FROM `goods` WHERE `goods_id` = 8 LIMIT 1   [ RunTime:0.0010s ]
NOTIC: [8192] Non-static method Home\Tool\CarTool::getIns() should not be called statically, assuming $this from incompatible context D:\xampp\htdocs\shop\Home\Controller\FlowController.class.php 第 11 行.
INFO: [ view_parse ] --START--
INFO: [ template_filter ] --START--
INFO: Run Behavior\ContentReplaceBehavior [ RunTime:0.000000s ]
INFO: [ template_filter ] --END-- [ RunTime:0.000000s ]
INFO: Run Behavior\ParseTemplateBehavior [ RunTime:0.019001s ]
INFO: [ view_parse ] --END-- [ RunTime:0.019001s ]
INFO: [ view_filter ] --START--
INFO: Run Behavior\WriteHtmlCacheBehavior [ RunTime:0.000000s ]
INFO: [ view_filter ] --END-- [ RunTime:0.000000s ]
INFO: [ app_end ] --START--
INFO: Run Behavior\ShowPageTraceBehavior [ RunTime:0.001000s ]
INFO: [ app_end ] --END-- [ RunTime:0.001000s ]

[ 2017-03-28T09:37:42+08:00 ] 127.0.0.1 /Home/Flow/add/goods_id/api/cron.php-t=1452023217
INFO: [ app_init ] --START--
INFO: Run Behavior\BuildLiteBehavior [ RunTime:0.000000s ]
INFO: [ app_init ] --END-- [ RunTime:0.001000s ]
INFO: [ app_begin ] --START--
INFO: Run Behavior\ReadHtmlCacheBehavior [ RunTime:0.000000s ]
INFO: [ app_begin ] --END-- [ RunTime:0.001000s ]
SQL: SHOW COLUMNS FROM `goods` [ RunTime:0.0030s ]
SQL: SELECT * FROM `goods` WHERE `goods_id` = 0 LIMIT 1   [ RunTime:0.0000s ]

[ 2017-03-28T09:37:42+08:00 ] 127.0.0.1 /
INFO: [ app_init ] --START--
INFO: Run Behavior\BuildLiteBehavior [ RunTime:0.000000s ]
INFO: [ app_init ] --END-- [ RunTime:0.001000s ]
INFO: [ app_begin ] --START--
INFO: Run Behavior\ReadHtmlCacheBehavior [ RunTime:0.000000s ]
INFO: [ app_begin ] --END-- [ RunTime:0.001000s ]
SQL: SHOW COLUMNS FROM `cat` [ RunTime:0.0050s ]
SQL: SELECT * FROM `cat`  [ RunTime:0.0000s ]
SQL: SHOW COLUMNS FROM `goods` [ RunTime:0.0060s ]
SQL: SELECT `goods_id`,`goods_name`,`shop_price`,`market_price`,`thumb_img` FROM `goods` WHERE ( is_hot=1 ) ORDER BY goods_id desc LIMIT 4   [ RunTime:0.0020s ]
INFO: [ view_parse ] --START--
INFO: [ template_filter ] --START--
INFO: Run Behavior\ContentReplaceBehavior [ RunTime:0.000000s ]
INFO: [ template_filter ] --END-- [ RunTime:0.000000s ]
NOTIC: [8] Use of undefined constant parent_id - assumed 'parent_id' D:\xampp\htdocs\shop\Runtime\Cache\Home\9fe8939f80330a538a90d397bb19e9e5.php 第 86 行.
NOTIC: [8] Use of undefined constant parent_id - assumed 'parent_id' D:\xampp\htdocs\shop\Runtime\Cache\Home\9fe8939f80330a538a90d397bb19e9e5.php 第 86 行.
NOTIC: [8] Use of undefined constant parent_id - assumed 'parent_id' D:\xampp\htdocs\shop\Runtime\Cache\Home\9fe8939f80330a538a90d397bb19e9e5.php 第 86 行.
NOTIC: [8] Use of undefined constant parent_id - assumed 'parent_id' D:\xampp\htdocs\shop\Runtime\Cache\Home\9fe8939f80330a538a90d397bb19e9e5.php 第 86 行.
NOTIC: [8] Use of undefined constant parent_id - assumed 'parent_id' D:\xampp\htdocs\shop\Runtime\Cache\Home\9fe8939f80330a538a90d397bb19e9e5.php 第 86 行.
NOTIC: [8] Use of undefined constant parent_id - assumed 'parent_id' D:\xampp\htdocs\shop\Runtime\Cache\Home\9fe8939f80330a538a90d397bb19e9e5.php 第 86 行.
NOTIC: [8] Use of undefined constant parent_id - assumed 'parent_id' D:\xampp\htdocs\shop\Runtime\Cache\Home\9fe8939f80330a538a90d397bb19e9e5.php 第 86 行.
NOTIC: [8] Use of undefined constant parent_id - assumed 'parent_id' D:\xampp\htdocs\shop\Runtime\Cache\Home\9fe8939f80330a538a90d397bb19e9e5.php 第 86 行.
NOTIC: [8] Use of undefined constant parent_id - assumed 'parent_id' D:\xampp\htdocs\shop\Runtime\Cache\Home\9fe8939f80330a538a90d397bb19e9e5.php 第 86 行.
NOTIC: [8] Use of undefined constant parent_id - assumed 'parent_id' D:\xampp\htdocs\shop\Runtime\Cache\Home\9fe8939f80330a538a90d397bb19e9e5.php 第 86 行.
NOTIC: [8] Use of undefined constant parent_id - assumed 'parent_id' D:\xampp\htdocs\shop\Runtime\Cache\Home\9fe8939f80330a538a90d397bb19e9e5.php 第 86 行.
NOTIC: [8] Use of undefined constant parent_id - assumed 'parent_id' D:\xampp\htdocs\shop\Runtime\Cache\Home\9fe8939f80330a538a90d397bb19e9e5.php 第 86 行.
NOTIC: [8] Use of undefined constant parent_id - assumed 'parent_id' D:\xampp\htdocs\shop\Runtime\Cache\Home\9fe8939f80330a538a90d397bb19e9e5.php 第 86 行.
NOTIC: [8] Use of undefined constant parent_id - assumed 'parent_id' D:\xampp\htdocs\shop\Runtime\Cache\Home\9fe8939f80330a538a90d397bb19e9e5.php 第 86 行.
NOTIC: [8] Use of undefined constant parent_id - assumed 'parent_id' D:\xampp\htdocs\shop\Runtime\Cache\Home\9fe8939f80330a538a90d397bb19e9e5.php 第 86 行.
INFO: Run Behavior\ParseTemplateBehavior [ RunTime:0.023002s ]
INFO: [ view_parse ] --END-- [ RunTime:0.023002s ]
INFO: [ view_filter ] --START--
INFO: Run Behavior\WriteHtmlCacheBehavior [ RunTime:0.001000s ]
INFO: [ view_filter ] --END-- [ RunTime:0.001000s ]
INFO: [ app_end ] --START--
INFO: Run Behavior\ShowPageTraceBehavior [ RunTime:0.001000s ]
INFO: [ app_end ] --END-- [ RunTime:0.001000s ]

[ 2017-03-28T09:41:53+08:00 ] 127.0.0.1 /Home/Flow/done.html
INFO: [ app_init ] --START--
INFO: Run Behavior\BuildLiteBehavior [ RunTime:0.000000s ]
INFO: [ app_init ] --END-- [ RunTime:0.001000s ]
INFO: [ app_begin ] --START--
INFO: Run Behavior\ReadHtmlCacheBehavior [ RunTime:0.001000s ]
INFO: [ app_begin ] --END-- [ RunTime:0.001000s ]
NOTIC: [8192] Non-static method Home\Tool\CarTool::getIns() should not be called statically, assuming $this from incompatible context D:\xampp\htdocs\shop\Home\Controller\FlowController.class.php 第 20 行.
SQL: SHOW COLUMNS FROM `ordinfo` [ RunTime:0.0020s ]
NOTIC: [8] Undefined index: validate D:\xampp\htdocs\ThinkPHP\Library\Think\Model.class.php 第 1185 行.
NOTIC: [8] Undefined index: auto D:\xampp\htdocs\ThinkPHP\Library\Think\Model.class.php 第 1128 行.
SQL: INSERT INTO `ordinfo` (`xm`,`address`,`note`,`ord_sn`,`user_id`,`money`,`ordtime`) VALUES ('','','','20170328464636','0','399','1490665313') [ RunTime:0.0010s ]
SQL: SHOW COLUMNS FROM `ordgoods` [ RunTime:0.0040s ]
SQL: INSERT INTO `ordgoods` (`goods_id`,`goods_name`,`shop_price`,`goods_num`,`ordinfo_id`) VALUES ('8','飞利浦9@9v','399.00','1','17') [ RunTime:0.0000s ]
INFO: [ view_parse ] --START--
INFO: [ template_filter ] --START--
INFO: Run Behavior\ContentReplaceBehavior [ RunTime:0.000000s ]
INFO: [ template_filter ] --END-- [ RunTime:0.000000s ]
INFO: Run Behavior\ParseTemplateBehavior [ RunTime:0.021001s ]
INFO: [ view_parse ] --END-- [ RunTime:0.021001s ]
INFO: [ view_filter ] --START--
INFO: Run Behavior\WriteHtmlCacheBehavior [ RunTime:0.000000s ]
INFO: [ view_filter ] --END-- [ RunTime:0.001000s ]
INFO: [ app_end ] --START--
INFO: Run Behavior\ShowPageTraceBehavior [ RunTime:0.001000s ]
INFO: [ app_end ] --END-- [ RunTime:0.001000s ]

[ 2017-03-28T09:41:53+08:00 ] 127.0.0.1 /Home/Flow/api/cron.php-t=1452023217
INFO: [ app_init ] --START--
INFO: Run Behavior\BuildLiteBehavior [ RunTime:0.000000s ]
INFO: [ app_init ] --END-- [ RunTime:0.001000s ]
INFO: [ app_begin ] --START--
INFO: Run Behavior\ReadHtmlCacheBehavior [ RunTime:0.001000s ]
INFO: [ app_begin ] --END-- [ RunTime:0.001000s ]
ERR: 非法操作:api

[ 2017-03-28T09:42:16+08:00 ] 127.0.0.1 /Home/Flow/pay.html
INFO: [ app_init ] --START--
INFO: Run Behavior\BuildLiteBehavior [ RunTime:0.000000s ]
INFO: [ app_init ] --END-- [ RunTime:0.001000s ]
INFO: [ app_begin ] --START--
INFO: Run Behavior\ReadHtmlCacheBehavior [ RunTime:0.001000s ]
INFO: [ app_begin ] --END-- [ RunTime:0.001000s ]
INFO: [ view_parse ] --START--
INFO: [ template_filter ] --START--
INFO: Run Behavior\ContentReplaceBehavior [ RunTime:0.000000s ]
INFO: [ template_filter ] --END-- [ RunTime:0.001000s ]
INFO: Run Behavior\ParseTemplateBehavior [ RunTime:0.014001s ]
INFO: [ view_parse ] --END-- [ RunTime:0.014001s ]
INFO: [ view_filter ] --START--
INFO: Run Behavior\WriteHtmlCacheBehavior [ RunTime:0.001000s ]
INFO: [ view_filter ] --END-- [ RunTime:0.001000s ]
INFO: [ app_end ] --START--
INFO: Run Behavior\ShowPageTraceBehavior [ RunTime:0.001000s ]
INFO: [ app_end ] --END-- [ RunTime:0.001000s ]

[ 2017-03-28T09:44:05+08:00 ] 127.0.0.1 /Home/Flow/api/cron.php-t=1452023217
INFO: [ app_init ] --START--
INFO: Run Behavior\BuildLiteBehavior [ RunTime:0.000000s ]
INFO: [ app_init ] --END-- [ RunTime:0.001000s ]
INFO: [ app_begin ] --START--
INFO: Run Behavior\ReadHtmlCacheBehavior [ RunTime:0.002000s ]
INFO: [ app_begin ] --END-- [ RunTime:0.002000s ]
ERR: 非法操作:api

[ 2017-03-28T09:44:05+08:00 ] 127.0.0.1 /Home/Flow/add/goods_id/api/cron.php-t=1452023217
INFO: [ app_init ] --START--
INFO: Run Behavior\BuildLiteBehavior [ RunTime:0.000000s ]
INFO: [ app_init ] --END-- [ RunTime:0.000000s ]
INFO: [ app_begin ] --START--
INFO: Run Behavior\ReadHtmlCacheBehavior [ RunTime:0.001000s ]
INFO: [ app_begin ] --END-- [ RunTime:0.001000s ]
SQL: SHOW COLUMNS FROM `goods` [ RunTime:0.0040s ]
SQL: SELECT * FROM `goods` WHERE `goods_id` = 0 LIMIT 1   [ RunTime:0.0010s ]

[ 2017-03-28T09:44:09+08:00 ] 127.0.0.1 /Home/goods/goods/goods_id/8.html
INFO: [ app_init ] --START--
INFO: Run Behavior\BuildLiteBehavior [ RunTime:0.000000s ]
INFO: [ app_init ] --END-- [ RunTime:0.001000s ]
INFO: [ app_begin ] --START--
INFO: Run Behavior\ReadHtmlCacheBehavior [ RunTime:0.001000s ]
INFO: [ app_begin ] --END-- [ RunTime:0.001000s ]
SQL: SHOW COLUMNS FROM `goods` [ RunTime:0.0040s ]
SQL: SELECT * FROM `goods` WHERE `goods_id` = 8 LIMIT 1   [ RunTime:0.0030s ]
SQL: SHOW COLUMNS FROM `comment` [ RunTime:0.0050s ]
SQL: SELECT * FROM `comment` WHERE ( 1=1 AND goods_id='8' )  [ RunTime:0.0010s ]
SQL: SHOW COLUMNS FROM `cat` [ RunTime:0.0040s ]
SQL: SELECT * FROM `cat` WHERE `cat_id` = 3 LIMIT 1   [ RunTime:0.0010s ]
SQL: SELECT * FROM `cat` WHERE `cat_id` = 1 LIMIT 1   [ RunTime:0.0000s ]
INFO: [ view_parse ] --START--
INFO: [ template_filter ] --START--
INFO: Run Behavior\ContentReplaceBehavior [ RunTime:0.001000s ]
INFO: [ template_filter ] --END-- [ RunTime:0.001000s ]
INFO: Run Behavior\ParseTemplateBehavior [ RunTime:0.075004s ]
INFO: [ view_parse ] --END-- [ RunTime:0.075004s ]
INFO: [ view_filter ] --START--
INFO: Run Behavior\WriteHtmlCacheBehavior [ RunTime:0.001000s ]
INFO: [ view_filter ] --END-- [ RunTime:0.001000s ]
INFO: [ app_end ] --START--
INFO: Run Behavior\ShowPageTraceBehavior [ RunTime:0.001001s ]
INFO: [ app_end ] --END-- [ RunTime:0.001001s ]

[ 2017-03-28T09:44:09+08:00 ] 127.0.0.1 /Home/goods/goods/goods_id/8.html
INFO: [ app_init ] --START--
INFO: Run Behavior\BuildLiteBehavior [ RunTime:0.000000s ]
INFO: [ app_init ] --END-- [ RunTime:0.001000s ]
INFO: [ app_begin ] --START--
INFO: Run Behavior\ReadHtmlCacheBehavior [ RunTime:0.003001s ]
INFO: [ app_begin ] --END-- [ RunTime:0.003001s ]
SQL: SHOW COLUMNS FROM `goods` [ RunTime:0.0050s ]
SQL: SELECT * FROM `goods` WHERE `goods_id` = 8 LIMIT 1   [ RunTime:0.0050s ]
SQL: SHOW COLUMNS FROM `comment` [ RunTime:0.0090s ]
SQL: SELECT * FROM `comment` WHERE ( 1=1 AND goods_id='8' )  [ RunTime:0.0010s ]
SQL: SHOW COLUMNS FROM `cat` [ RunTime:0.0030s ]
SQL: SELECT * FROM `cat` WHERE `cat_id` = 3 LIMIT 1   [ RunTime:0.0000s ]
SQL: SELECT * FROM `cat` WHERE `cat_id` = 1 LIMIT 1   [ RunTime:0.0010s ]
INFO: [ view_parse ] --START--
INFO: [ template_filter ] --START--
INFO: Run Behavior\ContentReplaceBehavior [ RunTime:0.001000s ]
INFO: [ template_filter ] --END-- [ RunTime:0.001000s ]
INFO: Run Behavior\ParseTemplateBehavior [ RunTime:0.055003s ]
INFO: [ view_parse ] --END-- [ RunTime:0.055003s ]
INFO: [ view_filter ] --START--
INFO: Run Behavior\WriteHtmlCacheBehavior [ RunTime:0.001000s ]
INFO: [ view_filter ] --END-- [ RunTime:0.001000s ]
INFO: [ app_end ] --START--
INFO: Run Behavior\ShowPageTraceBehavior [ RunTime:0.001000s ]
INFO: [ app_end ] --END-- [ RunTime:0.001000s ]

[ 2017-03-28T09:54:54+08:00 ] 127.0.0.1 /
INFO: [ app_init ] --START--
INFO: Run Behavior\BuildLiteBehavior [ RunTime:0.000000s ]
INFO: [ app_init ] --END-- [ RunTime:0.001000s ]
INFO: [ app_begin ] --START--
INFO: Run Behavior\ReadHtmlCacheBehavior [ RunTime:0.001000s ]
INFO: [ app_begin ] --END-- [ RunTime:0.001000s ]
SQL: SHOW COLUMNS FROM `cat` [ RunTime:0.0100s ]
SQL: SELECT * FROM `cat`  [ RunTime:0.0020s ]
SQL: SHOW COLUMNS FROM `goods` [ RunTime:0.0050s ]
SQL: SELECT `goods_id`,`goods_name`,`shop_price`,`market_price`,`thumb_img` FROM `goods` WHERE ( is_hot=1 ) ORDER BY goods_id desc LIMIT 4   [ RunTime:0.0000s ]
INFO: [ view_parse ] --START--
INFO: [ template_filter ] --START--
INFO: Run Behavior\ContentReplaceBehavior [ RunTime:0.000000s ]
INFO: [ template_filter ] --END-- [ RunTime:0.000000s ]
NOTIC: [8] Use of undefined constant parent_id - assumed 'parent_id' D:\xampp\htdocs\shop\Runtime\Cache\Home\9fe8939f80330a538a90d397bb19e9e5.php 第 86 行.
NOTIC: [8] Use of undefined constant parent_id - assumed 'parent_id' D:\xampp\htdocs\shop\Runtime\Cache\Home\9fe8939f80330a538a90d397bb19e9e5.php 第 86 行.
NOTIC: [8] Use of undefined constant parent_id - assumed 'parent_id' D:\xampp\htdocs\shop\Runtime\Cache\Home\9fe8939f80330a538a90d397bb19e9e5.php 第 86 行.
NOTIC: [8] Use of undefined constant parent_id - assumed 'parent_id' D:\xampp\htdocs\shop\Runtime\Cache\Home\9fe8939f80330a538a90d397bb19e9e5.php 第 86 行.
NOTIC: [8] Use of undefined constant parent_id - assumed 'parent_id' D:\xampp\htdocs\shop\Runtime\Cache\Home\9fe8939f80330a538a90d397bb19e9e5.php 第 86 行.
NOTIC: [8] Use of undefined constant parent_id - assumed 'parent_id' D:\xampp\htdocs\shop\Runtime\Cache\Home\9fe8939f80330a538a90d397bb19e9e5.php 第 86 行.
NOTIC: [8] Use of undefined constant parent_id - assumed 'parent_id' D:\xampp\htdocs\shop\Runtime\Cache\Home\9fe8939f80330a538a90d397bb19e9e5.php 第 86 行.
NOTIC: [8] Use of undefined constant parent_id - assumed 'parent_id' D:\xampp\htdocs\shop\Runtime\Cache\Home\9fe8939f80330a538a90d397bb19e9e5.php 第 86 行.
NOTIC: [8] Use of undefined constant parent_id - assumed 'parent_id' D:\xampp\htdocs\shop\Runtime\Cache\Home\9fe8939f80330a538a90d397bb19e9e5.php 第 86 行.
NOTIC: [8] Use of undefined constant parent_id - assumed 'parent_id' D:\xampp\htdocs\shop\Runtime\Cache\Home\9fe8939f80330a538a90d397bb19e9e5.php 第 86 行.
NOTIC: [8] Use of undefined constant parent_id - assumed 'parent_id' D:\xampp\htdocs\shop\Runtime\Cache\Home\9fe8939f80330a538a90d397bb19e9e5.php 第 86 行.
NOTIC: [8] Use of undefined constant parent_id - assumed 'parent_id' D:\xampp\htdocs\shop\Runtime\Cache\Home\9fe8939f80330a538a90d397bb19e9e5.php 第 86 行.
NOTIC: [8] Use of undefined constant parent_id - assumed 'parent_id' D:\xampp\htdocs\shop\Runtime\Cache\Home\9fe8939f80330a538a90d397bb19e9e5.php 第 86 行.
NOTIC: [8] Use of undefined constant parent_id - assumed 'parent_id' D:\xampp\htdocs\shop\Runtime\Cache\Home\9fe8939f80330a538a90d397bb19e9e5.php 第 86 行.
NOTIC: [8] Use of undefined constant parent_id - assumed 'parent_id' D:\xampp\htdocs\shop\Runtime\Cache\Home\9fe8939f80330a538a90d397bb19e9e5.php 第 86 行.
INFO: Run Behavior\ParseTemplateBehavior [ RunTime:0.026001s ]
INFO: [ view_parse ] --END-- [ RunTime:0.026001s ]
INFO: [ view_filter ] --START--
INFO: Run Behavior\WriteHtmlCacheBehavior [ RunTime:0.000000s ]
INFO: [ view_filter ] --END-- [ RunTime:0.000000s ]
INFO: [ app_end ] --START--
INFO: Run Behavior\ShowPageTraceBehavior [ RunTime:0.001000s ]
INFO: [ app_end ] --END-- [ RunTime:0.001000s ]

[ 2017-03-28T09:54:55+08:00 ] 127.0.0.1 /
INFO: [ app_init ] --START--
INFO: Run Behavior\BuildLiteBehavior [ RunTime:0.000000s ]
INFO: [ app_init ] --END-- [ RunTime:0.001000s ]
INFO: [ app_begin ] --START--
INFO: Run Behavior\ReadHtmlCacheBehavior [ RunTime:0.001000s ]
INFO: [ app_begin ] --END-- [ RunTime:0.001000s ]
SQL: SHOW COLUMNS FROM `cat` [ RunTime:0.0080s ]
SQL: SELECT * FROM `cat`  [ RunTime:0.0010s ]
SQL: SHOW COLUMNS FROM `goods` [ RunTime:0.0030s ]
SQL: SELECT `goods_id`,`goods_name`,`shop_price`,`market_price`,`thumb_img` FROM `goods` WHERE ( is_hot=1 ) ORDER BY goods_id desc LIMIT 4   [ RunTime:0.0010s ]
INFO: [ view_parse ] --START--
INFO: [ template_filter ] --START--
INFO: Run Behavior\ContentReplaceBehavior [ RunTime:0.000000s ]
INFO: [ template_filter ] --END-- [ RunTime:0.000000s ]
NOTIC: [8] Use of undefined constant parent_id - assumed 'parent_id' D:\xampp\htdocs\shop\Runtime\Cache\Home\9fe8939f80330a538a90d397bb19e9e5.php 第 86 行.
NOTIC: [8] Use of undefined constant parent_id - assumed 'parent_id' D:\xampp\htdocs\shop\Runtime\Cache\Home\9fe8939f80330a538a90d397bb19e9e5.php 第 86 行.
NOTIC: [8] Use of undefined constant parent_id - assumed 'parent_id' D:\xampp\htdocs\shop\Runtime\Cache\Home\9fe8939f80330a538a90d397bb19e9e5.php 第 86 行.
NOTIC: [8] Use of undefined constant parent_id - assumed 'parent_id' D:\xampp\htdocs\shop\Runtime\Cache\Home\9fe8939f80330a538a90d397bb19e9e5.php 第 86 行.
NOTIC: [8] Use of undefined constant parent_id - assumed 'parent_id' D:\xampp\htdocs\shop\Runtime\Cache\Home\9fe8939f80330a538a90d397bb19e9e5.php 第 86 行.
NOTIC: [8] Use of undefined constant parent_id - assumed 'parent_id' D:\xampp\htdocs\shop\Runtime\Cache\Home\9fe8939f80330a538a90d397bb19e9e5.php 第 86 行.
NOTIC: [8] Use of undefined constant parent_id - assumed 'parent_id' D:\xampp\htdocs\shop\Runtime\Cache\Home\9fe8939f80330a538a90d397bb19e9e5.php 第 86 行.
NOTIC: [8] Use of undefined constant parent_id - assumed 'parent_id' D:\xampp\htdocs\shop\Runtime\Cache\Home\9fe8939f80330a538a90d397bb19e9e5.php 第 86 行.
NOTIC: [8] Use of undefined constant parent_id - assumed 'parent_id' D:\xampp\htdocs\shop\Runtime\Cache\Home\9fe8939f80330a538a90d397bb19e9e5.php 第 86 行.
NOTIC: [8] Use of undefined constant parent_id - assumed 'parent_id' D:\xampp\htdocs\shop\Runtime\Cache\Home\9fe8939f80330a538a90d397bb19e9e5.php 第 86 行.
NOTIC: [8] Use of undefined constant parent_id - assumed 'parent_id' D:\xampp\htdocs\shop\Runtime\Cache\Home\9fe8939f80330a538a90d397bb19e9e5.php 第 86 行.
NOTIC: [8] Use of undefined constant parent_id - assumed 'parent_id' D:\xampp\htdocs\shop\Runtime\Cache\Home\9fe8939f80330a538a90d397bb19e9e5.php 第 86 行.
NOTIC: [8] Use of undefined constant parent_id - assumed 'parent_id' D:\xampp\htdocs\shop\Runtime\Cache\Home\9fe8939f80330a538a90d397bb19e9e5.php 第 86 行.
NOTIC: [8] Use of undefined constant parent_id - assumed 'parent_id' D:\xampp\htdocs\shop\Runtime\Cache\Home\9fe8939f80330a538a90d397bb19e9e5.php 第 86 行.
NOTIC: [8] Use of undefined constant parent_id - assumed 'parent_id' D:\xampp\htdocs\shop\Runtime\Cache\Home\9fe8939f80330a538a90d397bb19e9e5.php 第 86 行.
INFO: Run Behavior\ParseTemplateBehavior [ RunTime:0.029002s ]
INFO: [ view_parse ] --END-- [ RunTime:0.029002s ]
INFO: [ view_filter ] --START--
INFO: Run Behavior\WriteHtmlCacheBehavior [ RunTime:0.001000s ]
INFO: [ view_filter ] --END-- [ RunTime:0.001000s ]
INFO: [ app_end ] --START--
INFO: Run Behavior\ShowPageTraceBehavior [ RunTime:0.001000s ]
INFO: [ app_end ] --END-- [ RunTime:0.001000s ]

[ 2017-03-28T10:45:00+08:00 ] 127.0.0.1 /
INFO: [ app_init ] --START--
INFO: Run Behavior\BuildLiteBehavior [ RunTime:0.000000s ]
INFO: [ app_init ] --END-- [ RunTime:0.001000s ]
INFO: [ app_begin ] --START--
INFO: Run Behavior\ReadHtmlCacheBehavior [ RunTime:0.003000s ]
INFO: [ app_begin ] --END-- [ RunTime:0.003000s ]
SQL: SHOW COLUMNS FROM `cat` [ RunTime:0.0040s ]
SQL: SHOW COLUMNS FROM `goods` [ RunTime:0.0040s ]
SQL: SELECT `goods_id`,`goods_name`,`shop_price`,`market_price`,`thumb_img` FROM `goods` WHERE ( is_hot=1 ) ORDER BY goods_id desc LIMIT 4   [ RunTime:0.0010s ]
INFO: [ view_parse ] --START--
INFO: [ template_filter ] --START--
INFO: Run Behavior\ContentReplaceBehavior [ RunTime:0.001000s ]
INFO: [ template_filter ] --END-- [ RunTime:0.001000s ]
NOTIC: [8] Use of undefined constant parent_id - assumed 'parent_id' D:\xampp\htdocs\shop\Runtime\Cache\Home\9fe8939f80330a538a90d397bb19e9e5.php 第 86 行.
NOTIC: [8] Use of undefined constant parent_id - assumed 'parent_id' D:\xampp\htdocs\shop\Runtime\Cache\Home\9fe8939f80330a538a90d397bb19e9e5.php 第 86 行.
NOTIC: [8] Use of undefined constant parent_id - assumed 'parent_id' D:\xampp\htdocs\shop\Runtime\Cache\Home\9fe8939f80330a538a90d397bb19e9e5.php 第 86 行.
NOTIC: [8] Use of undefined constant parent_id - assumed 'parent_id' D:\xampp\htdocs\shop\Runtime\Cache\Home\9fe8939f80330a538a90d397bb19e9e5.php 第 86 行.
NOTIC: [8] Use of undefined constant parent_id - assumed 'parent_id' D:\xampp\htdocs\shop\Runtime\Cache\Home\9fe8939f80330a538a90d397bb19e9e5.php 第 86 行.
NOTIC: [8] Use of undefined constant parent_id - assumed 'parent_id' D:\xampp\htdocs\shop\Runtime\Cache\Home\9fe8939f80330a538a90d397bb19e9e5.php 第 86 行.
NOTIC: [8] Use of undefined constant parent_id - assumed 'parent_id' D:\xampp\htdocs\shop\Runtime\Cache\Home\9fe8939f80330a538a90d397bb19e9e5.php 第 86 行.
NOTIC: [8] Use of undefined constant parent_id - assumed 'parent_id' D:\xampp\htdocs\shop\Runtime\Cache\Home\9fe8939f80330a538a90d397bb19e9e5.php 第 86 行.
NOTIC: [8] Use of undefined constant parent_id - assumed 'parent_id' D:\xampp\htdocs\shop\Runtime\Cache\Home\9fe8939f80330a538a90d397bb19e9e5.php 第 86 行.
NOTIC: [8] Use of undefined constant parent_id - assumed 'parent_id' D:\xampp\htdocs\shop\Runtime\Cache\Home\9fe8939f80330a538a90d397bb19e9e5.php 第 86 行.
NOTIC: [8] Use of undefined constant parent_id - assumed 'parent_id' D:\xampp\htdocs\shop\Runtime\Cache\Home\9fe8939f80330a538a90d397bb19e9e5.php 第 86 行.
NOTIC: [8] Use of undefined constant parent_id - assumed 'parent_id' D:\xampp\htdocs\shop\Runtime\Cache\Home\9fe8939f80330a538a90d397bb19e9e5.php 第 86 行.
NOTIC: [8] Use of undefined constant parent_id - assumed 'parent_id' D:\xampp\htdocs\shop\Runtime\Cache\Home\9fe8939f80330a538a90d397bb19e9e5.php 第 86 行.
NOTIC: [8] Use of undefined constant parent_id - assumed 'parent_id' D:\xampp\htdocs\shop\Runtime\Cache\Home\9fe8939f80330a538a90d397bb19e9e5.php 第 86 行.
NOTIC: [8] Use of undefined constant parent_id - assumed 'parent_id' D:\xampp\htdocs\shop\Runtime\Cache\Home\9fe8939f80330a538a90d397bb19e9e5.php 第 86 行.
INFO: Run Behavior\ParseTemplateBehavior [ RunTime:0.026002s ]
INFO: [ view_parse ] --END-- [ RunTime:0.026002s ]
INFO: [ view_filter ] --START--
INFO: Run Behavior\WriteHtmlCacheBehavior [ RunTime:0.000000s ]
INFO: [ view_filter ] --END-- [ RunTime:0.000000s ]
INFO: [ app_end ] --START--
INFO: Run Behavior\ShowPageTraceBehavior [ RunTime:0.002000s ]
INFO: [ app_end ] --END-- [ RunTime:0.002000s ]

[ 2017-03-28T10:45:09+08:00 ] 127.0.0.1 /Home/Cat/cat/cat_id/3.html
INFO: [ app_init ] --START--
INFO: Run Behavior\BuildLiteBehavior [ RunTime:0.000000s ]
INFO: [ app_init ] --END-- [ RunTime:0.001000s ]
INFO: [ app_begin ] --START--
INFO: Run Behavior\ReadHtmlCacheBehavior [ RunTime:0.000000s ]
INFO: [ app_begin ] --END-- [ RunTime:0.001001s ]
SQL: SHOW COLUMNS FROM `goods` [ RunTime:0.0030s ]
SQL: SELECT `goods_id`,`goods_name`,`shop_price`,`goods_img`,`market_price` FROM `goods` WHERE ( cat_id=3 )  [ RunTime:0.0010s ]
INFO: [ view_parse ] --START--
INFO: [ template_filter ] --START--
INFO: Run Behavior\ContentReplaceBehavior [ RunTime:0.001000s ]
INFO: [ template_filter ] --END-- [ RunTime:0.001000s ]
INFO: Run Behavior\ParseTemplateBehavior [ RunTime:0.017001s ]
INFO: [ view_parse ] --END-- [ RunTime:0.017001s ]
INFO: [ view_filter ] --START--
INFO: Run Behavior\WriteHtmlCacheBehavior [ RunTime:0.003000s ]
INFO: [ view_filter ] --END-- [ RunTime:0.003000s ]
INFO: [ app_end ] --START--
INFO: Run Behavior\ShowPageTraceBehavior [ RunTime:0.002000s ]
INFO: [ app_end ] --END-- [ RunTime:0.003000s ]

[ 2017-03-28T10:45:09+08:00 ] 127.0.0.1 /Home/Cat/cat/cat_id/themes/68ecshop_hechafree/images/sdgg.gif
INFO: [ app_init ] --START--
INFO: Run Behavior\BuildLiteBehavior [ RunTime:0.000000s ]
INFO: [ app_init ] --END-- [ RunTime:0.001000s ]

[ 2017-03-28T10:45:09+08:00 ] 127.0.0.1 /Home/Cat/cat/cat_id/images/sdgg.gif
INFO: [ app_init ] --START--
INFO: Run Behavior\BuildLiteBehavior [ RunTime:0.000000s ]
INFO: [ app_init ] --END-- [ RunTime:0.002000s ]

[ 2017-03-28T10:45:09+08:00 ] 127.0.0.1 /Home/Cat/cat/cat_id/api/cron.php-t=1452023217
INFO: [ app_init ] --START--
INFO: Run Behavior\BuildLiteBehavior [ RunTime:0.000000s ]
INFO: [ app_init ] --END-- [ RunTime:0.000000s ]
INFO: [ app_begin ] --START--
INFO: Run Behavior\ReadHtmlCacheBehavior [ RunTime:0.007000s ]
INFO: [ app_begin ] --END-- [ RunTime:0.007000s ]
SQL: SHOW COLUMNS FROM `goods` [ RunTime:0.0030s ]
ERR: 1054:Unknown column 'api' in 'where clause'
 [ SQL语句 ] : SELECT `goods_id`,`goods_name`,`shop_price`,`goods_img`,`market_price` FROM `goods` WHERE ( cat_id=api ) 
ERR: 1054:Unknown column 'api' in 'where clause'
 [ SQL语句 ] : SELECT `goods_id`,`goods_name`,`shop_price`,`goods_img`,`market_price` FROM `goods` WHERE ( cat_id=api ) 

[ 2017-03-28T10:45:10+08:00 ] 127.0.0.1 /Home/Cat/cat/cat_id/3.html
INFO: [ app_init ] --START--
INFO: Run Behavior\BuildLiteBehavior [ RunTime:0.000000s ]
INFO: [ app_init ] --END-- [ RunTime:0.001000s ]
INFO: [ app_begin ] --START--
INFO: Run Behavior\ReadHtmlCacheBehavior [ RunTime:0.002000s ]
INFO: [ app_begin ] --END-- [ RunTime:0.006000s ]
SQL: SHOW COLUMNS FROM `goods` [ RunTime:0.0030s ]
SQL: SELECT `goods_id`,`goods_name`,`shop_price`,`goods_img`,`market_price` FROM `goods` WHERE ( cat_id=3 )  [ RunTime:0.0000s ]
INFO: [ view_parse ] --START--
INFO: [ template_filter ] --START--
INFO: Run Behavior\ContentReplaceBehavior [ RunTime:0.000000s ]
INFO: [ template_filter ] --END-- [ RunTime:0.000000s ]
INFO: Run Behavior\ParseTemplateBehavior [ RunTime:0.034002s ]
INFO: [ view_parse ] --END-- [ RunTime:0.034002s ]
INFO: [ view_filter ] --START--
INFO: Run Behavior\WriteHtmlCacheBehavior [ RunTime:0.002000s ]
INFO: [ view_filter ] --END-- [ RunTime:0.002000s ]
INFO: [ app_end ] --START--
INFO: Run Behavior\ShowPageTraceBehavior [ RunTime:0.002000s ]
INFO: [ app_end ] --END-- [ RunTime:0.002000s ]

[ 2017-03-28T10:45:10+08:00 ] 127.0.0.1 /Home/Cat/cat/cat_id/3.html
INFO: [ app_init ] --START--
INFO: Run Behavior\BuildLiteBehavior [ RunTime:0.000000s ]
INFO: [ app_init ] --END-- [ RunTime:0.000000s ]
INFO: [ app_begin ] --START--
INFO: Run Behavior\ReadHtmlCacheBehavior [ RunTime:0.005000s ]
INFO: [ app_begin ] --END-- [ RunTime:0.005000s ]
SQL: SHOW COLUMNS FROM `goods` [ RunTime:0.0040s ]
SQL: SELECT `goods_id`,`goods_name`,`shop_price`,`goods_img`,`market_price` FROM `goods` WHERE ( cat_id=3 )  [ RunTime:0.0010s ]
INFO: [ view_parse ] --START--
INFO: [ template_filter ] --START--
INFO: Run Behavior\ContentReplaceBehavior [ RunTime:0.000000s ]
INFO: [ template_filter ] --END-- [ RunTime:0.000000s ]
INFO: Run Behavior\ParseTemplateBehavior [ RunTime:0.025001s ]
INFO: [ view_parse ] --END-- [ RunTime:0.025001s ]
INFO: [ view_filter ] --START--
INFO: Run Behavior\WriteHtmlCacheBehavior [ RunTime:0.001000s ]
INFO: [ view_filter ] --END-- [ RunTime:0.001000s ]
INFO: [ app_end ] --START--
INFO: Run Behavior\ShowPageTraceBehavior [ RunTime:0.001000s ]
INFO: [ app_end ] --END-- [ RunTime:0.001000s ]

[ 2017-03-28T10:45:16+08:00 ] 127.0.0.1 /Home/Cat/cat/cat_id/3.html
INFO: [ app_init ] --START--
INFO: Run Behavior\BuildLiteBehavior [ RunTime:0.000000s ]
INFO: [ app_init ] --END-- [ RunTime:0.001000s ]
INFO: [ app_begin ] --START--
INFO: Run Behavior\ReadHtmlCacheBehavior [ RunTime:0.001000s ]
INFO: [ app_begin ] --END-- [ RunTime:0.001000s ]
SQL: SHOW COLUMNS FROM `goods` [ RunTime:0.0030s ]
SQL: SELECT `goods_id`,`goods_name`,`shop_price`,`goods_img`,`market_price` FROM `goods` WHERE ( cat_id=3 )  [ RunTime:0.0010s ]
INFO: [ view_parse ] --START--
INFO: [ template_filter ] --START--
INFO: Run Behavior\ContentReplaceBehavior [ RunTime:0.000000s ]
INFO: [ template_filter ] --END-- [ RunTime:0.000000s ]
INFO: Run Behavior\ParseTemplateBehavior [ RunTime:0.018001s ]
INFO: [ view_parse ] --END-- [ RunTime:0.018001s ]
INFO: [ view_filter ] --START--
INFO: Run Behavior\WriteHtmlCacheBehavior [ RunTime:0.001000s ]
INFO: [ view_filter ] --END-- [ RunTime:0.002000s ]
INFO: [ app_end ] --START--
INFO: Run Behavior\ShowPageTraceBehavior [ RunTime:0.002000s ]
INFO: [ app_end ] --END-- [ RunTime:0.002000s ]

[ 2017-03-28T10:45:16+08:00 ] 127.0.0.1 /Home/Cat/cat/cat_id/images/sdgg.gif
INFO: [ app_init ] --START--
INFO: Run Behavior\BuildLiteBehavior [ RunTime:0.000000s ]
INFO: [ app_init ] --END-- [ RunTime:0.000000s ]

[ 2017-03-28T10:45:16+08:00 ] 127.0.0.1 /Home/Cat/cat/cat_id/themes/68ecshop_hechafree/images/sdgg.gif
INFO: [ app_init ] --START--
INFO: Run Behavior\BuildLiteBehavior [ RunTime:0.000000s ]
INFO: [ app_init ] --END-- [ RunTime:0.001000s ]

[ 2017-03-28T10:45:16+08:00 ] 127.0.0.1 /Home/Cat/cat/cat_id/api/cron.php-t=1452023217
INFO: [ app_init ] --START--
INFO: Run Behavior\BuildLiteBehavior [ RunTime:0.000000s ]
INFO: [ app_init ] --END-- [ RunTime:0.001000s ]
INFO: [ app_begin ] --START--
INFO: Run Behavior\ReadHtmlCacheBehavior [ RunTime:0.001000s ]
INFO: [ app_begin ] --END-- [ RunTime:0.001000s ]
SQL: SHOW COLUMNS FROM `goods` [ RunTime:0.0060s ]
ERR: 1054:Unknown column 'api' in 'where clause'
 [ SQL语句 ] : SELECT `goods_id`,`goods_name`,`shop_price`,`goods_img`,`market_price` FROM `goods` WHERE ( cat_id=api ) 
ERR: 1054:Unknown column 'api' in 'where clause'
 [ SQL语句 ] : SELECT `goods_id`,`goods_name`,`shop_price`,`goods_img`,`market_price` FROM `goods` WHERE ( cat_id=api ) 

[ 2017-03-28T10:45:16+08:00 ] 127.0.0.1 /Home/Cat/cat/cat_id/3.html
INFO: [ app_init ] --START--
INFO: Run Behavior\BuildLiteBehavior [ RunTime:0.000000s ]
INFO: [ app_init ] --END-- [ RunTime:0.000000s ]
INFO: [ app_begin ] --START--
INFO: Run Behavior\ReadHtmlCacheBehavior [ RunTime:0.001000s ]
INFO: [ app_begin ] --END-- [ RunTime:0.001000s ]
SQL: SHOW COLUMNS FROM `goods` [ RunTime:0.0030s ]
SQL: SELECT `goods_id`,`goods_name`,`shop_price`,`goods_img`,`market_price` FROM `goods` WHERE ( cat_id=3 )  [ RunTime:0.0010s ]
INFO: [ view_parse ] --START--
INFO: [ template_filter ] --START--
INFO: Run Behavior\ContentReplaceBehavior [ RunTime:0.000000s ]
INFO: [ template_filter ] --END-- [ RunTime:0.000000s ]
INFO: Run Behavior\ParseTemplateBehavior [ RunTime:0.018001s ]
INFO: [ view_parse ] --END-- [ RunTime:0.018001s ]
INFO: [ view_filter ] --START--
INFO: Run Behavior\WriteHtmlCacheBehavior [ RunTime:0.001000s ]
INFO: [ view_filter ] --END-- [ RunTime:0.001000s ]
INFO: [ app_end ] --START--
INFO: Run Behavior\ShowPageTraceBehavior [ RunTime:0.000000s ]
INFO: [ app_end ] --END-- [ RunTime:0.001000s ]

[ 2017-03-28T10:45:17+08:00 ] 127.0.0.1 /Home/Cat/cat/cat_id/3.html
INFO: [ app_init ] --START--
INFO: Run Behavior\BuildLiteBehavior [ RunTime:0.000000s ]
INFO: [ app_init ] --END-- [ RunTime:0.000000s ]
INFO: [ app_begin ] --START--
INFO: Run Behavior\ReadHtmlCacheBehavior [ RunTime:0.001000s ]
INFO: [ app_begin ] --END-- [ RunTime:0.001000s ]
SQL: SHOW COLUMNS FROM `goods` [ RunTime:0.0030s ]
SQL: SELECT `goods_id`,`goods_name`,`shop_price`,`goods_img`,`market_price` FROM `goods` WHERE ( cat_id=3 )  [ RunTime:0.0000s ]
INFO: [ view_parse ] --START--
INFO: [ template_filter ] --START--
INFO: Run Behavior\ContentReplaceBehavior [ RunTime:0.000000s ]
INFO: [ template_filter ] --END-- [ RunTime:0.000000s ]
INFO: Run Behavior\ParseTemplateBehavior [ RunTime:0.014001s ]
INFO: [ view_parse ] --END-- [ RunTime:0.014001s ]
INFO: [ view_filter ] --START--
INFO: Run Behavior\WriteHtmlCacheBehavior [ RunTime:0.001000s ]
INFO: [ view_filter ] --END-- [ RunTime:0.001000s ]
INFO: [ app_end ] --START--
INFO: Run Behavior\ShowPageTraceBehavior [ RunTime:0.001000s ]
INFO: [ app_end ] --END-- [ RunTime:0.001000s ]

[ 2017-03-28T10:46:16+08:00 ] 127.0.0.1 /?keywords=
INFO: [ app_init ] --START--
INFO: Run Behavior\BuildLiteBehavior [ RunTime:0.000000s ]
INFO: [ app_init ] --END-- [ RunTime:0.001000s ]
INFO: [ app_begin ] --START--
INFO: Run Behavior\ReadHtmlCacheBehavior [ RunTime:0.001001s ]
INFO: [ app_begin ] --END-- [ RunTime:0.001001s ]
SQL: SHOW COLUMNS FROM `cat` [ RunTime:0.0040s ]
SQL: SHOW COLUMNS FROM `goods` [ RunTime:0.0030s ]
SQL: SELECT `goods_id`,`goods_name`,`shop_price`,`market_price`,`thumb_img` FROM `goods` WHERE ( is_hot=1 ) ORDER BY goods_id desc LIMIT 4   [ RunTime:0.0010s ]
INFO: [ view_parse ] --START--
INFO: [ template_filter ] --START--
INFO: Run Behavior\ContentReplaceBehavior [ RunTime:0.000000s ]
INFO: [ template_filter ] --END-- [ RunTime:0.000000s ]
NOTIC: [8] Use of undefined constant parent_id - assumed 'parent_id' D:\xampp\htdocs\shop\Runtime\Cache\Home\9fe8939f80330a538a90d397bb19e9e5.php 第 86 行.
NOTIC: [8] Use of undefined constant parent_id - assumed 'parent_id' D:\xampp\htdocs\shop\Runtime\Cache\Home\9fe8939f80330a538a90d397bb19e9e5.php 第 86 行.
NOTIC: [8] Use of undefined constant parent_id - assumed 'parent_id' D:\xampp\htdocs\shop\Runtime\Cache\Home\9fe8939f80330a538a90d397bb19e9e5.php 第 86 行.
NOTIC: [8] Use of undefined constant parent_id - assumed 'parent_id' D:\xampp\htdocs\shop\Runtime\Cache\Home\9fe8939f80330a538a90d397bb19e9e5.php 第 86 行.
NOTIC: [8] Use of undefined constant parent_id - assumed 'parent_id' D:\xampp\htdocs\shop\Runtime\Cache\Home\9fe8939f80330a538a90d397bb19e9e5.php 第 86 行.
NOTIC: [8] Use of undefined constant parent_id - assumed 'parent_id' D:\xampp\htdocs\shop\Runtime\Cache\Home\9fe8939f80330a538a90d397bb19e9e5.php 第 86 行.
NOTIC: [8] Use of undefined constant parent_id - assumed 'parent_id' D:\xampp\htdocs\shop\Runtime\Cache\Home\9fe8939f80330a538a90d397bb19e9e5.php 第 86 行.
NOTIC: [8] Use of undefined constant parent_id - assumed 'parent_id' D:\xampp\htdocs\shop\Runtime\Cache\Home\9fe8939f80330a538a90d397bb19e9e5.php 第 86 行.
NOTIC: [8] Use of undefined constant parent_id - assumed 'parent_id' D:\xampp\htdocs\shop\Runtime\Cache\Home\9fe8939f80330a538a90d397bb19e9e5.php 第 86 行.
NOTIC: [8] Use of undefined constant parent_id - assumed 'parent_id' D:\xampp\htdocs\shop\Runtime\Cache\Home\9fe8939f80330a538a90d397bb19e9e5.php 第 86 行.
NOTIC: [8] Use of undefined constant parent_id - assumed 'parent_id' D:\xampp\htdocs\shop\Runtime\Cache\Home\9fe8939f80330a538a90d397bb19e9e5.php 第 86 行.
NOTIC: [8] Use of undefined constant parent_id - assumed 'parent_id' D:\xampp\htdocs\shop\Runtime\Cache\Home\9fe8939f80330a538a90d397bb19e9e5.php 第 86 行.
NOTIC: [8] Use of undefined constant parent_id - assumed 'parent_id' D:\xampp\htdocs\shop\Runtime\Cache\Home\9fe8939f80330a538a90d397bb19e9e5.php 第 86 行.
NOTIC: [8] Use of undefined constant parent_id - assumed 'parent_id' D:\xampp\htdocs\shop\Runtime\Cache\Home\9fe8939f80330a538a90d397bb19e9e5.php 第 86 行.
NOTIC: [8] Use of undefined constant parent_id - assumed 'parent_id' D:\xampp\htdocs\shop\Runtime\Cache\Home\9fe8939f80330a538a90d397bb19e9e5.php 第 86 行.
INFO: Run Behavior\ParseTemplateBehavior [ RunTime:0.034002s ]
INFO: [ view_parse ] --END-- [ RunTime:0.034002s ]
INFO: [ view_filter ] --START--
INFO: Run Behavior\WriteHtmlCacheBehavior [ RunTime:0.002000s ]
INFO: [ view_filter ] --END-- [ RunTime:0.002000s ]
INFO: [ app_end ] --START--
INFO: Run Behavior\ShowPageTraceBehavior [ RunTime:0.001001s ]
INFO: [ app_end ] --END-- [ RunTime:0.001001s ]

[ 2017-03-28T10:46:17+08:00 ] 127.0.0.1 /?keywords=
INFO: [ app_init ] --START--
INFO: Run Behavior\BuildLiteBehavior [ RunTime:0.000000s ]
INFO: [ app_init ] --END-- [ RunTime:0.000000s ]
INFO: [ app_begin ] --START--
INFO: Run Behavior\ReadHtmlCacheBehavior [ RunTime:0.001000s ]
INFO: [ app_begin ] --END-- [ RunTime:0.001000s ]
SQL: SHOW COLUMNS FROM `cat` [ RunTime:0.0020s ]
SQL: SHOW COLUMNS FROM `goods` [ RunTime:0.0030s ]
SQL: SELECT `goods_id`,`goods_name`,`shop_price`,`market_price`,`thumb_img` FROM `goods` WHERE ( is_hot=1 ) ORDER BY goods_id desc LIMIT 4   [ RunTime:0.0000s ]
INFO: [ view_parse ] --START--
INFO: [ template_filter ] --START--
INFO: Run Behavior\ContentReplaceBehavior [ RunTime:0.000000s ]
INFO: [ template_filter ] --END-- [ RunTime:0.000000s ]
NOTIC: [8] Use of undefined constant parent_id - assumed 'parent_id' D:\xampp\htdocs\shop\Runtime\Cache\Home\9fe8939f80330a538a90d397bb19e9e5.php 第 86 行.
NOTIC: [8] Use of undefined constant parent_id - assumed 'parent_id' D:\xampp\htdocs\shop\Runtime\Cache\Home\9fe8939f80330a538a90d397bb19e9e5.php 第 86 行.
NOTIC: [8] Use of undefined constant parent_id - assumed 'parent_id' D:\xampp\htdocs\shop\Runtime\Cache\Home\9fe8939f80330a538a90d397bb19e9e5.php 第 86 行.
NOTIC: [8] Use of undefined constant parent_id - assumed 'parent_id' D:\xampp\htdocs\shop\Runtime\Cache\Home\9fe8939f80330a538a90d397bb19e9e5.php 第 86 行.
NOTIC: [8] Use of undefined constant parent_id - assumed 'parent_id' D:\xampp\htdocs\shop\Runtime\Cache\Home\9fe8939f80330a538a90d397bb19e9e5.php 第 86 行.
NOTIC: [8] Use of undefined constant parent_id - assumed 'parent_id' D:\xampp\htdocs\shop\Runtime\Cache\Home\9fe8939f80330a538a90d397bb19e9e5.php 第 86 行.
NOTIC: [8] Use of undefined constant parent_id - assumed 'parent_id' D:\xampp\htdocs\shop\Runtime\Cache\Home\9fe8939f80330a538a90d397bb19e9e5.php 第 86 行.
NOTIC: [8] Use of undefined constant parent_id - assumed 'parent_id' D:\xampp\htdocs\shop\Runtime\Cache\Home\9fe8939f80330a538a90d397bb19e9e5.php 第 86 行.
NOTIC: [8] Use of undefined constant parent_id - assumed 'parent_id' D:\xampp\htdocs\shop\Runtime\Cache\Home\9fe8939f80330a538a90d397bb19e9e5.php 第 86 行.
NOTIC: [8] Use of undefined constant parent_id - assumed 'parent_id' D:\xampp\htdocs\shop\Runtime\Cache\Home\9fe8939f80330a538a90d397bb19e9e5.php 第 86 行.
NOTIC: [8] Use of undefined constant parent_id - assumed 'parent_id' D:\xampp\htdocs\shop\Runtime\Cache\Home\9fe8939f80330a538a90d397bb19e9e5.php 第 86 行.
NOTIC: [8] Use of undefined constant parent_id - assumed 'parent_id' D:\xampp\htdocs\shop\Runtime\Cache\Home\9fe8939f80330a538a90d397bb19e9e5.php 第 86 行.
NOTIC: [8] Use of undefined constant parent_id - assumed 'parent_id' D:\xampp\htdocs\shop\Runtime\Cache\Home\9fe8939f80330a538a90d397bb19e9e5.php 第 86 行.
NOTIC: [8] Use of undefined constant parent_id - assumed 'parent_id' D:\xampp\htdocs\shop\Runtime\Cache\Home\9fe8939f80330a538a90d397bb19e9e5.php 第 86 行.
NOTIC: [8] Use of undefined constant parent_id - assumed 'parent_id' D:\xampp\htdocs\shop\Runtime\Cache\Home\9fe8939f80330a538a90d397bb19e9e5.php 第 86 行.
INFO: Run Behavior\ParseTemplateBehavior [ RunTime:0.020001s ]
INFO: [ view_parse ] --END-- [ RunTime:0.020001s ]
INFO: [ view_filter ] --START--
INFO: Run Behavior\WriteHtmlCacheBehavior [ RunTime:0.002001s ]
INFO: [ view_filter ] --END-- [ RunTime:0.005001s ]
INFO: [ app_end ] --START--
INFO: Run Behavior\ShowPageTraceBehavior [ RunTime:0.002000s ]
INFO: [ app_end ] --END-- [ RunTime:0.002000s ]

[ 2017-03-28T10:46:17+08:00 ] 127.0.0.1 /?keywords=
INFO: [ app_init ] --START--
INFO: Run Behavior\BuildLiteBehavior [ RunTime:0.000000s ]
INFO: [ app_init ] --END-- [ RunTime:0.000000s ]
INFO: [ app_begin ] --START--
INFO: Run Behavior\ReadHtmlCacheBehavior [ RunTime:0.003000s ]
INFO: [ app_begin ] --END-- [ RunTime:0.003000s ]
SQL: SHOW COLUMNS FROM `cat` [ RunTime:0.0030s ]
SQL: SHOW COLUMNS FROM `goods` [ RunTime:0.0030s ]
SQL: SELECT `goods_id`,`goods_name`,`shop_price`,`market_price`,`thumb_img` FROM `goods` WHERE ( is_hot=1 ) ORDER BY goods_id desc LIMIT 4   [ RunTime:0.0010s ]
INFO: [ view_parse ] --START--
INFO: [ template_filter ] --START--
INFO: Run Behavior\ContentReplaceBehavior [ RunTime:0.000000s ]
INFO: [ template_filter ] --END-- [ RunTime:0.000000s ]
NOTIC: [8] Use of undefined constant parent_id - assumed 'parent_id' D:\xampp\htdocs\shop\Runtime\Cache\Home\9fe8939f80330a538a90d397bb19e9e5.php 第 86 行.
NOTIC: [8] Use of undefined constant parent_id - assumed 'parent_id' D:\xampp\htdocs\shop\Runtime\Cache\Home\9fe8939f80330a538a90d397bb19e9e5.php 第 86 行.
NOTIC: [8] Use of undefined constant parent_id - assumed 'parent_id' D:\xampp\htdocs\shop\Runtime\Cache\Home\9fe8939f80330a538a90d397bb19e9e5.php 第 86 行.
NOTIC: [8] Use of undefined constant parent_id - assumed 'parent_id' D:\xampp\htdocs\shop\Runtime\Cache\Home\9fe8939f80330a538a90d397bb19e9e5.php 第 86 行.
NOTIC: [8] Use of undefined constant parent_id - assumed 'parent_id' D:\xampp\htdocs\shop\Runtime\Cache\Home\9fe8939f80330a538a90d397bb19e9e5.php 第 86 行.
NOTIC: [8] Use of undefined constant parent_id - assumed 'parent_id' D:\xampp\htdocs\shop\Runtime\Cache\Home\9fe8939f80330a538a90d397bb19e9e5.php 第 86 行.
NOTIC: [8] Use of undefined constant parent_id - assumed 'parent_id' D:\xampp\htdocs\shop\Runtime\Cache\Home\9fe8939f80330a538a90d397bb19e9e5.php 第 86 行.
NOTIC: [8] Use of undefined constant parent_id - assumed 'parent_id' D:\xampp\htdocs\shop\Runtime\Cache\Home\9fe8939f80330a538a90d397bb19e9e5.php 第 86 行.
NOTIC: [8] Use of undefined constant parent_id - assumed 'parent_id' D:\xampp\htdocs\shop\Runtime\Cache\Home\9fe8939f80330a538a90d397bb19e9e5.php 第 86 行.
NOTIC: [8] Use of undefined constant parent_id - assumed 'parent_id' D:\xampp\htdocs\shop\Runtime\Cache\Home\9fe8939f80330a538a90d397bb19e9e5.php 第 86 行.
NOTIC: [8] Use of undefined constant parent_id - assumed 'parent_id' D:\xampp\htdocs\shop\Runtime\Cache\Home\9fe8939f80330a538a90d397bb19e9e5.php 第 86 行.
NOTIC: [8] Use of undefined constant parent_id - assumed 'parent_id' D:\xampp\htdocs\shop\Runtime\Cache\Home\9fe8939f80330a538a90d397bb19e9e5.php 第 86 行.
NOTIC: [8] Use of undefined constant parent_id - assumed 'parent_id' D:\xampp\htdocs\shop\Runtime\Cache\Home\9fe8939f80330a538a90d397bb19e9e5.php 第 86 行.
NOTIC: [8] Use of undefined constant parent_id - assumed 'parent_id' D:\xampp\htdocs\shop\Runtime\Cache\Home\9fe8939f80330a538a90d397bb19e9e5.php 第 86 行.
NOTIC: [8] Use of undefined constant parent_id - assumed 'parent_id' D:\xampp\htdocs\shop\Runtime\Cache\Home\9fe8939f80330a538a90d397bb19e9e5.php 第 86 行.
INFO: Run Behavior\ParseTemplateBehavior [ RunTime:0.027002s ]
INFO: [ view_parse ] --END-- [ RunTime:0.028002s ]
INFO: [ view_filter ] --START--
INFO: Run Behavior\WriteHtmlCacheBehavior [ RunTime:0.002000s ]
INFO: [ view_filter ] --END-- [ RunTime:0.002000s ]
INFO: [ app_end ] --START--
INFO: Run Behavior\ShowPageTraceBehavior [ RunTime:0.002000s ]
INFO: [ app_end ] --END-- [ RunTime:0.002000s ]

[ 2017-03-28T10:50:52+08:00 ] 127.0.0.1 /
INFO: [ app_init ] --START--
INFO: Run Behavior\BuildLiteBehavior [ RunTime:0.000000s ]
INFO: [ app_init ] --END-- [ RunTime:0.001000s ]
INFO: [ app_begin ] --START--
INFO: Run Behavior\ReadHtmlCacheBehavior [ RunTime:0.001000s ]
INFO: [ app_begin ] --END-- [ RunTime:0.001000s ]
SQL: SHOW COLUMNS FROM `cat` [ RunTime:0.0160s ]
SQL: SHOW COLUMNS FROM `goods` [ RunTime:0.0050s ]
SQL: SELECT `goods_id`,`goods_name`,`shop_price`,`market_price`,`thumb_img` FROM `goods` WHERE ( is_hot=1 ) ORDER BY goods_id desc LIMIT 4   [ RunTime:0.0000s ]
INFO: [ view_parse ] --START--
INFO: [ template_filter ] --START--
INFO: Run Behavior\ContentReplaceBehavior [ RunTime:0.001001s ]
INFO: [ template_filter ] --END-- [ RunTime:0.001001s ]
NOTIC: [8] Use of undefined constant parent_id - assumed 'parent_id' D:\xampp\htdocs\shop\Runtime\Cache\Home\9fe8939f80330a538a90d397bb19e9e5.php 第 86 行.
NOTIC: [8] Use of undefined constant parent_id - assumed 'parent_id' D:\xampp\htdocs\shop\Runtime\Cache\Home\9fe8939f80330a538a90d397bb19e9e5.php 第 86 行.
NOTIC: [8] Use of undefined constant parent_id - assumed 'parent_id' D:\xampp\htdocs\shop\Runtime\Cache\Home\9fe8939f80330a538a90d397bb19e9e5.php 第 86 行.
NOTIC: [8] Use of undefined constant parent_id - assumed 'parent_id' D:\xampp\htdocs\shop\Runtime\Cache\Home\9fe8939f80330a538a90d397bb19e9e5.php 第 86 行.
NOTIC: [8] Use of undefined constant parent_id - assumed 'parent_id' D:\xampp\htdocs\shop\Runtime\Cache\Home\9fe8939f80330a538a90d397bb19e9e5.php 第 86 行.
NOTIC: [8] Use of undefined constant parent_id - assumed 'parent_id' D:\xampp\htdocs\shop\Runtime\Cache\Home\9fe8939f80330a538a90d397bb19e9e5.php 第 86 行.
NOTIC: [8] Use of undefined constant parent_id - assumed 'parent_id' D:\xampp\htdocs\shop\Runtime\Cache\Home\9fe8939f80330a538a90d397bb19e9e5.php 第 86 行.
NOTIC: [8] Use of undefined constant parent_id - assumed 'parent_id' D:\xampp\htdocs\shop\Runtime\Cache\Home\9fe8939f80330a538a90d397bb19e9e5.php 第 86 行.
NOTIC: [8] Use of undefined constant parent_id - assumed 'parent_id' D:\xampp\htdocs\shop\Runtime\Cache\Home\9fe8939f80330a538a90d397bb19e9e5.php 第 86 行.
NOTIC: [8] Use of undefined constant parent_id - assumed 'parent_id' D:\xampp\htdocs\shop\Runtime\Cache\Home\9fe8939f80330a538a90d397bb19e9e5.php 第 86 行.
NOTIC: [8] Use of undefined constant parent_id - assumed 'parent_id' D:\xampp\htdocs\shop\Runtime\Cache\Home\9fe8939f80330a538a90d397bb19e9e5.php 第 86 行.
NOTIC: [8] Use of undefined constant parent_id - assumed 'parent_id' D:\xampp\htdocs\shop\Runtime\Cache\Home\9fe8939f80330a538a90d397bb19e9e5.php 第 86 行.
NOTIC: [8] Use of undefined constant parent_id - assumed 'parent_id' D:\xampp\htdocs\shop\Runtime\Cache\Home\9fe8939f80330a538a90d397bb19e9e5.php 第 86 行.
NOTIC: [8] Use of undefined constant parent_id - assumed 'parent_id' D:\xampp\htdocs\shop\Runtime\Cache\Home\9fe8939f80330a538a90d397bb19e9e5.php 第 86 行.
NOTIC: [8] Use of undefined constant parent_id - assumed 'parent_id' D:\xampp\htdocs\shop\Runtime\Cache\Home\9fe8939f80330a538a90d397bb19e9e5.php 第 86 行.
INFO: Run Behavior\ParseTemplateBehavior [ RunTime:0.035002s ]
INFO: [ view_parse ] --END-- [ RunTime:0.035002s ]
INFO: [ view_filter ] --START--
INFO: Run Behavior\WriteHtmlCacheBehavior [ RunTime:0.001000s ]
INFO: [ view_filter ] --END-- [ RunTime:0.001000s ]
INFO: [ app_end ] --START--
INFO: Run Behavior\ShowPageTraceBehavior [ RunTime:0.002000s ]
INFO: [ app_end ] --END-- [ RunTime:0.002000s ]

[ 2017-03-28T10:50:57+08:00 ] 127.0.0.1 /Home/Cat/cat.html?keywords=%E5%85%85%E5%80%BC
INFO: [ app_init ] --START--
INFO: Run Behavior\BuildLiteBehavior [ RunTime:0.000000s ]
INFO: [ app_init ] --END-- [ RunTime:0.001001s ]
INFO: [ app_begin ] --START--
INFO: Run Behavior\ReadHtmlCacheBehavior [ RunTime:0.001000s ]
INFO: [ app_begin ] --END-- [ RunTime:0.001000s ]
SQL: SHOW COLUMNS FROM `goods` [ RunTime:0.0020s ]
SQL: SELECT * FROM `goods` WHERE `goods_name` LIKE '%充值%'  [ RunTime:0.0010s ]
INFO: [ view_parse ] --START--
INFO: [ template_filter ] --START--
INFO: Run Behavior\ContentReplaceBehavior [ RunTime:0.000000s ]
INFO: [ template_filter ] --END-- [ RunTime:0.000000s ]
NOTIC: [8] Undefined variable: his D:\xampp\htdocs\shop\Runtime\Cache\Home\52aa755a9958eb0beef8b384d461b9a1.php 第 116 行.
INFO: Run Behavior\ParseTemplateBehavior [ RunTime:0.014001s ]
INFO: [ view_parse ] --END-- [ RunTime:0.015001s ]
INFO: [ view_filter ] --START--
INFO: Run Behavior\WriteHtmlCacheBehavior [ RunTime:0.001000s ]
INFO: [ view_filter ] --END-- [ RunTime:0.001000s ]
INFO: [ app_end ] --START--
INFO: Run Behavior\ShowPageTraceBehavior [ RunTime:0.001000s ]
INFO: [ app_end ] --END-- [ RunTime:0.001000s ]

[ 2017-03-28T10:50:57+08:00 ] 127.0.0.1 /Home/Cat/images/sdgg.gif
INFO: [ app_init ] --START--
INFO: Run Behavior\BuildLiteBehavior [ RunTime:0.000000s ]
INFO: [ app_init ] --END-- [ RunTime:0.001000s ]

[ 2017-03-28T10:50:57+08:00 ] 127.0.0.1 /Home/Cat/themes/68ecshop_hechafree/images/sdgg.gif
INFO: [ app_init ] --START--
INFO: Run Behavior\BuildLiteBehavior [ RunTime:0.000000s ]
INFO: [ app_init ] --END-- [ RunTime:0.004000s ]

[ 2017-03-28T10:50:57+08:00 ] 127.0.0.1 /Home/Cat/api/cron.php-t=1452023217
INFO: [ app_init ] --START--
INFO: Run Behavior\BuildLiteBehavior [ RunTime:0.000000s ]
INFO: [ app_init ] --END-- [ RunTime:0.001000s ]
INFO: [ app_begin ] --START--
INFO: Run Behavior\ReadHtmlCacheBehavior [ RunTime:0.030002s ]
INFO: [ app_begin ] --END-- [ RunTime:0.030002s ]
ERR: 非法操作:api

[ 2017-03-28T10:50:57+08:00 ] 127.0.0.1 /Home/Cat/cat.html?keywords=%E5%85%85%E5%80%BC
INFO: [ app_init ] --START--
INFO: Run Behavior\BuildLiteBehavior [ RunTime:0.000000s ]
INFO: [ app_init ] --END-- [ RunTime:0.001000s ]
INFO: [ app_begin ] --START--
INFO: Run Behavior\ReadHtmlCacheBehavior [ RunTime:0.002000s ]
INFO: [ app_begin ] --END-- [ RunTime:0.002000s ]
SQL: SHOW COLUMNS FROM `goods` [ RunTime:0.0050s ]
SQL: SELECT * FROM `goods` WHERE `goods_name` LIKE '%充值%'  [ RunTime:0.0010s ]
INFO: [ view_parse ] --START--
INFO: [ template_filter ] --START--
INFO: Run Behavior\ContentReplaceBehavior [ RunTime:0.000000s ]
INFO: [ template_filter ] --END-- [ RunTime:0.000000s ]
NOTIC: [8] Undefined variable: his D:\xampp\htdocs\shop\Runtime\Cache\Home\52aa755a9958eb0beef8b384d461b9a1.php 第 116 行.
INFO: Run Behavior\ParseTemplateBehavior [ RunTime:0.026002s ]
INFO: [ view_parse ] --END-- [ RunTime:0.026002s ]
INFO: [ view_filter ] --START--
INFO: Run Behavior\WriteHtmlCacheBehavior [ RunTime:0.001000s ]
INFO: [ view_filter ] --END-- [ RunTime:0.001000s ]
INFO: [ app_end ] --START--
INFO: Run Behavior\ShowPageTraceBehavior [ RunTime:0.001000s ]
INFO: [ app_end ] --END-- [ RunTime:0.001000s ]

[ 2017-03-28T10:50:57+08:00 ] 127.0.0.1 /Home/Cat/cat.html?keywords=%E5%85%85%E5%80%BC
INFO: [ app_init ] --START--
INFO: Run Behavior\BuildLiteBehavior [ RunTime:0.000000s ]
INFO: [ app_init ] --END-- [ RunTime:0.000000s ]
INFO: [ app_begin ] --START--
INFO: Run Behavior\ReadHtmlCacheBehavior [ RunTime:0.001000s ]
INFO: [ app_begin ] --END-- [ RunTime:0.001000s ]
SQL: SHOW COLUMNS FROM `goods` [ RunTime:0.0050s ]
SQL: SELECT * FROM `goods` WHERE `goods_name` LIKE '%充值%'  [ RunTime:0.0010s ]
INFO: [ view_parse ] --START--
INFO: [ template_filter ] --START--
INFO: Run Behavior\ContentReplaceBehavior [ RunTime:0.000000s ]
INFO: [ template_filter ] --END-- [ RunTime:0.000000s ]
NOTIC: [8] Undefined variable: his D:\xampp\htdocs\shop\Runtime\Cache\Home\52aa755a9958eb0beef8b384d461b9a1.php 第 116 行.
INFO: Run Behavior\ParseTemplateBehavior [ RunTime:0.022001s ]
INFO: [ view_parse ] --END-- [ RunTime:0.022001s ]
INFO: [ view_filter ] --START--
INFO: Run Behavior\WriteHtmlCacheBehavior [ RunTime:0.001000s ]
INFO: [ view_filter ] --END-- [ RunTime:0.001000s ]
INFO: [ app_end ] --START--
INFO: Run Behavior\ShowPageTraceBehavior [ RunTime:0.002000s ]
INFO: [ app_end ] --END-- [ RunTime:0.002000s ]

[ 2017-03-28T10:51:17+08:00 ] 127.0.0.1 /Home/Cat/cat.html?keywords=%E8%AF%BA%E5%9F%BA%E4%BA%9A
INFO: [ app_init ] --START--
INFO: Run Behavior\BuildLiteBehavior [ RunTime:0.000000s ]
INFO: [ app_init ] --END-- [ RunTime:0.000000s ]
INFO: [ app_begin ] --START--
INFO: Run Behavior\ReadHtmlCacheBehavior [ RunTime:0.001000s ]
INFO: [ app_begin ] --END-- [ RunTime:0.001000s ]
SQL: SHOW COLUMNS FROM `goods` [ RunTime:0.0020s ]
SQL: SELECT * FROM `goods` WHERE `goods_name` LIKE '%诺基亚%'  [ RunTime:0.0000s ]
INFO: [ view_parse ] --START--
INFO: [ template_filter ] --START--
INFO: Run Behavior\ContentReplaceBehavior [ RunTime:0.000000s ]
INFO: [ template_filter ] --END-- [ RunTime:0.000000s ]
NOTIC: [8] Undefined variable: his D:\xampp\htdocs\shop\Runtime\Cache\Home\52aa755a9958eb0beef8b384d461b9a1.php 第 116 行.
INFO: Run Behavior\ParseTemplateBehavior [ RunTime:0.018001s ]
INFO: [ view_parse ] --END-- [ RunTime:0.018001s ]
INFO: [ view_filter ] --START--
INFO: Run Behavior\WriteHtmlCacheBehavior [ RunTime:0.003001s ]
INFO: [ view_filter ] --END-- [ RunTime:0.003001s ]
INFO: [ app_end ] --START--
INFO: Run Behavior\ShowPageTraceBehavior [ RunTime:0.008000s ]
INFO: [ app_end ] --END-- [ RunTime:0.010000s ]

[ 2017-03-28T10:51:17+08:00 ] 127.0.0.1 /Home/Cat/images/sdgg.gif
INFO: [ app_init ] --START--
INFO: Run Behavior\BuildLiteBehavior [ RunTime:0.000000s ]
INFO: [ app_init ] --END-- [ RunTime:0.001000s ]

[ 2017-03-28T10:51:17+08:00 ] 127.0.0.1 /Home/Cat/api/cron.php-t=1452023217
INFO: [ app_init ] --START--
INFO: Run Behavior\BuildLiteBehavior [ RunTime:0.000000s ]
INFO: [ app_init ] --END-- [ RunTime:0.001000s ]
INFO: [ app_begin ] --START--
INFO: Run Behavior\ReadHtmlCacheBehavior [ RunTime:0.001001s ]
INFO: [ app_begin ] --END-- [ RunTime:0.001001s ]
ERR: 非法操作:api

[ 2017-03-28T10:51:17+08:00 ] 127.0.0.1 /Home/Cat/themes/68ecshop_hechafree/images/sdgg.gif
INFO: [ app_init ] --START--
INFO: Run Behavior\BuildLiteBehavior [ RunTime:0.000000s ]
INFO: [ app_init ] --END-- [ RunTime:0.001000s ]

[ 2017-03-28T10:51:18+08:00 ] 127.0.0.1 /Home/Cat/cat.html?keywords=%E8%AF%BA%E5%9F%BA%E4%BA%9A
INFO: [ app_init ] --START--
INFO: Run Behavior\BuildLiteBehavior [ RunTime:0.000000s ]
INFO: [ app_init ] --END-- [ RunTime:0.001000s ]
INFO: [ app_begin ] --START--
INFO: Run Behavior\ReadHtmlCacheBehavior [ RunTime:0.001000s ]
INFO: [ app_begin ] --END-- [ RunTime:0.002000s ]
SQL: SHOW COLUMNS FROM `goods` [ RunTime:0.0030s ]
SQL: SELECT * FROM `goods` WHERE `goods_name` LIKE '%诺基亚%'  [ RunTime:0.0010s ]
INFO: [ view_parse ] --START--
INFO: [ template_filter ] --START--
INFO: Run Behavior\ContentReplaceBehavior [ RunTime:0.000000s ]
INFO: [ template_filter ] --END-- [ RunTime:0.001000s ]
NOTIC: [8] Undefined variable: his D:\xampp\htdocs\shop\Runtime\Cache\Home\52aa755a9958eb0beef8b384d461b9a1.php 第 116 行.
INFO: Run Behavior\ParseTemplateBehavior [ RunTime:0.033002s ]
INFO: [ view_parse ] --END-- [ RunTime:0.033002s ]
INFO: [ view_filter ] --START--
INFO: Run Behavior\WriteHtmlCacheBehavior [ RunTime:0.002000s ]
INFO: [ view_filter ] --END-- [ RunTime:0.002000s ]
INFO: [ app_end ] --START--
INFO: Run Behavior\ShowPageTraceBehavior [ RunTime:0.001000s ]
INFO: [ app_end ] --END-- [ RunTime:0.002000s ]

[ 2017-03-28T10:51:18+08:00 ] 127.0.0.1 /Home/Cat/cat.html?keywords=%E8%AF%BA%E5%9F%BA%E4%BA%9A
INFO: [ app_init ] --START--
INFO: Run Behavior\BuildLiteBehavior [ RunTime:0.000000s ]
INFO: [ app_init ] --END-- [ RunTime:0.007000s ]
INFO: [ app_begin ] --START--
INFO: Run Behavior\ReadHtmlCacheBehavior [ RunTime:0.001000s ]
INFO: [ app_begin ] --END-- [ RunTime:0.001000s ]
SQL: SHOW COLUMNS FROM `goods` [ RunTime:0.0040s ]
SQL: SELECT * FROM `goods` WHERE `goods_name` LIKE '%诺基亚%'  [ RunTime:0.0040s ]
INFO: [ view_parse ] --START--
INFO: [ template_filter ] --START--
INFO: Run Behavior\ContentReplaceBehavior [ RunTime:0.000000s ]
INFO: [ template_filter ] --END-- [ RunTime:0.000000s ]
NOTIC: [8] Undefined variable: his D:\xampp\htdocs\shop\Runtime\Cache\Home\52aa755a9958eb0beef8b384d461b9a1.php 第 116 行.
INFO: Run Behavior\ParseTemplateBehavior [ RunTime:0.022001s ]
INFO: [ view_parse ] --END-- [ RunTime:0.022001s ]
INFO: [ view_filter ] --START--
INFO: Run Behavior\WriteHtmlCacheBehavior [ RunTime:0.001000s ]
INFO: [ view_filter ] --END-- [ RunTime:0.001000s ]
INFO: [ app_end ] --START--
INFO: Run Behavior\ShowPageTraceBehavior [ RunTime:0.002000s ]
INFO: [ app_end ] --END-- [ RunTime:0.003000s ]

[ 2017-03-28T10:51:36+08:00 ] 127.0.0.1 /Home/Cat/cat.html?keywords=%E8%80%B3%E6%9C%BA
INFO: [ app_init ] --START--
INFO: Run Behavior\BuildLiteBehavior [ RunTime:0.000000s ]
INFO: [ app_init ] --END-- [ RunTime:0.001000s ]
INFO: [ app_begin ] --START--
INFO: Run Behavior\ReadHtmlCacheBehavior [ RunTime:0.001001s ]
INFO: [ app_begin ] --END-- [ RunTime:0.001001s ]
SQL: SHOW COLUMNS FROM `goods` [ RunTime:0.0020s ]
SQL: SELECT * FROM `goods` WHERE `goods_name` LIKE '%耳机%'  [ RunTime:0.0010s ]
INFO: [ view_parse ] --START--
INFO: [ template_filter ] --START--
INFO: Run Behavior\ContentReplaceBehavior [ RunTime:0.000000s ]
INFO: [ template_filter ] --END-- [ RunTime:0.000000s ]
NOTIC: [8] Undefined variable: his D:\xampp\htdocs\shop\Runtime\Cache\Home\52aa755a9958eb0beef8b384d461b9a1.php 第 116 行.
INFO: Run Behavior\ParseTemplateBehavior [ RunTime:0.014001s ]
INFO: [ view_parse ] --END-- [ RunTime:0.014001s ]
INFO: [ view_filter ] --START--
INFO: Run Behavior\WriteHtmlCacheBehavior [ RunTime:0.001000s ]
INFO: [ view_filter ] --END-- [ RunTime:0.001000s ]
INFO: [ app_end ] --START--
INFO: Run Behavior\ShowPageTraceBehavior [ RunTime:0.001000s ]
INFO: [ app_end ] --END-- [ RunTime:0.002000s ]

[ 2017-03-28T10:51:36+08:00 ] 127.0.0.1 /Home/Cat/api/cron.php-t=1452023217
INFO: [ app_init ] --START--
INFO: Run Behavior\BuildLiteBehavior [ RunTime:0.000000s ]
INFO: [ app_init ] --END-- [ RunTime:0.000000s ]
INFO: [ app_begin ] --START--
INFO: Run Behavior\ReadHtmlCacheBehavior [ RunTime:0.001000s ]
INFO: [ app_begin ] --END-- [ RunTime:0.001000s ]
ERR: 非法操作:api

[ 2017-03-28T10:51:36+08:00 ] 127.0.0.1 /Home/Cat/images/sdgg.gif
INFO: [ app_init ] --START--
INFO: Run Behavior\BuildLiteBehavior [ RunTime:0.000000s ]
INFO: [ app_init ] --END-- [ RunTime:0.000000s ]

[ 2017-03-28T10:51:36+08:00 ] 127.0.0.1 /Home/Cat/themes/68ecshop_hechafree/images/sdgg.gif
INFO: [ app_init ] --START--
INFO: Run Behavior\BuildLiteBehavior [ RunTime:0.000000s ]
INFO: [ app_init ] --END-- [ RunTime:0.001000s ]

[ 2017-03-28T10:51:36+08:00 ] 127.0.0.1 /Home/Cat/cat.html?keywords=%E8%80%B3%E6%9C%BA
INFO: [ app_init ] --START--
INFO: Run Behavior\BuildLiteBehavior [ RunTime:0.000000s ]
INFO: [ app_init ] --END-- [ RunTime:0.001000s ]
INFO: [ app_begin ] --START--
INFO: Run Behavior\ReadHtmlCacheBehavior [ RunTime:0.003000s ]
INFO: [ app_begin ] --END-- [ RunTime:0.003000s ]
SQL: SHOW COLUMNS FROM `goods` [ RunTime:0.0040s ]
SQL: SELECT * FROM `goods` WHERE `goods_name` LIKE '%耳机%'  [ RunTime:0.0010s ]
INFO: [ view_parse ] --START--
INFO: [ template_filter ] --START--
INFO: Run Behavior\ContentReplaceBehavior [ RunTime:0.000000s ]
INFO: [ template_filter ] --END-- [ RunTime:0.000000s ]
NOTIC: [8] Undefined variable: his D:\xampp\htdocs\shop\Runtime\Cache\Home\52aa755a9958eb0beef8b384d461b9a1.php 第 116 行.
INFO: Run Behavior\ParseTemplateBehavior [ RunTime:0.029002s ]
INFO: [ view_parse ] --END-- [ RunTime:0.030002s ]
INFO: [ view_filter ] --START--
INFO: Run Behavior\WriteHtmlCacheBehavior [ RunTime:0.001000s ]
INFO: [ view_filter ] --END-- [ RunTime:0.001000s ]
INFO: [ app_end ] --START--
INFO: Run Behavior\ShowPageTraceBehavior [ RunTime:0.003000s ]
INFO: [ app_end ] --END-- [ RunTime:0.003000s ]

[ 2017-03-28T10:51:36+08:00 ] 127.0.0.1 /Home/Cat/cat.html?keywords=%E8%80%B3%E6%9C%BA
INFO: [ app_init ] --START--
INFO: Run Behavior\BuildLiteBehavior [ RunTime:0.000000s ]
INFO: [ app_init ] --END-- [ RunTime:0.000000s ]
INFO: [ app_begin ] --START--
INFO: Run Behavior\ReadHtmlCacheBehavior [ RunTime:0.001000s ]
INFO: [ app_begin ] --END-- [ RunTime:0.001000s ]
SQL: SHOW COLUMNS FROM `goods` [ RunTime:0.0030s ]
SQL: SELECT * FROM `goods` WHERE `goods_name` LIKE '%耳机%'  [ RunTime:0.0000s ]
INFO: [ view_parse ] --START--
INFO: [ template_filter ] --START--
INFO: Run Behavior\ContentReplaceBehavior [ RunTime:0.000000s ]
INFO: [ template_filter ] --END-- [ RunTime:0.000000s ]
NOTIC: [8] Undefined variable: his D:\xampp\htdocs\shop\Runtime\Cache\Home\52aa755a9958eb0beef8b384d461b9a1.php 第 116 行.
INFO: Run Behavior\ParseTemplateBehavior [ RunTime:0.017000s ]
INFO: [ view_parse ] --END-- [ RunTime:0.017000s ]
INFO: [ view_filter ] --START--
INFO: Run Behavior\WriteHtmlCacheBehavior [ RunTime:0.001001s ]
INFO: [ view_filter ] --END-- [ RunTime:0.001001s ]
INFO: [ app_end ] --START--
INFO: Run Behavior\ShowPageTraceBehavior [ RunTime:0.000000s ]
INFO: [ app_end ] --END-- [ RunTime:0.000000s ]

[ 2017-03-28T10:51:46+08:00 ] 127.0.0.1 /Home/goods/goods/goods_id/7.html
INFO: [ app_init ] --START--
INFO: Run Behavior\BuildLiteBehavior [ RunTime:0.000000s ]
INFO: [ app_init ] --END-- [ RunTime:0.000000s ]
INFO: [ app_begin ] --START--
INFO: Run Behavior\ReadHtmlCacheBehavior [ RunTime:0.001000s ]
INFO: [ app_begin ] --END-- [ RunTime:0.001000s ]
SQL: SHOW COLUMNS FROM `goods` [ RunTime:0.0040s ]
SQL: SELECT * FROM `goods` WHERE `goods_id` = 7 LIMIT 1   [ RunTime:0.0010s ]
SQL: SHOW COLUMNS FROM `comment` [ RunTime:0.0020s ]
SQL: SELECT * FROM `comment` WHERE ( 1=1 AND goods_id='7' )  [ RunTime:0.0000s ]
SQL: SHOW COLUMNS FROM `cat` [ RunTime:0.0020s ]
SQL: SELECT * FROM `cat` WHERE `cat_id` = 8 LIMIT 1   [ RunTime:0.0010s ]
SQL: SELECT * FROM `cat` WHERE `cat_id` = 6 LIMIT 1   [ RunTime:0.0000s ]
INFO: [ view_parse ] --START--
INFO: [ template_filter ] --START--
INFO: Run Behavior\ContentReplaceBehavior [ RunTime:0.001000s ]
INFO: [ template_filter ] --END-- [ RunTime:0.001000s ]
INFO: Run Behavior\ParseTemplateBehavior [ RunTime:0.065004s ]
INFO: [ view_parse ] --END-- [ RunTime:0.066004s ]
INFO: [ view_filter ] --START--
INFO: Run Behavior\WriteHtmlCacheBehavior [ RunTime:0.001000s ]
INFO: [ view_filter ] --END-- [ RunTime:0.001000s ]
INFO: [ app_end ] --START--
INFO: Run Behavior\ShowPageTraceBehavior [ RunTime:0.001000s ]
INFO: [ app_end ] --END-- [ RunTime:0.001000s ]

[ 2017-03-28T10:51:46+08:00 ] 127.0.0.1 /Home/goods/goods/goods_id/api/cron.php-t=1452023217
INFO: [ app_init ] --START--
INFO: Run Behavior\BuildLiteBehavior [ RunTime:0.000000s ]
INFO: [ app_init ] --END-- [ RunTime:0.001000s ]
INFO: [ app_begin ] --START--
INFO: Run Behavior\ReadHtmlCacheBehavior [ RunTime:0.002001s ]
INFO: [ app_begin ] --END-- [ RunTime:0.002001s ]
SQL: SHOW COLUMNS FROM `goods` [ RunTime:0.0040s ]
SQL: SELECT * FROM `goods` WHERE `goods_id` = 0 LIMIT 1   [ RunTime:0.0010s ]
SQL: SHOW COLUMNS FROM `cat` [ RunTime:0.0030s ]
SQL: SELECT * FROM `cat` LIMIT 1   [ RunTime:0.0010s ]
INFO: [ view_parse ] --START--
INFO: [ template_filter ] --START--
INFO: Run Behavior\ContentReplaceBehavior [ RunTime:0.001000s ]
INFO: [ template_filter ] --END-- [ RunTime:0.001000s ]
INFO: Run Behavior\ParseTemplateBehavior [ RunTime:0.067004s ]
INFO: [ view_parse ] --END-- [ RunTime:0.067004s ]
INFO: [ view_filter ] --START--
INFO: Run Behavior\WriteHtmlCacheBehavior [ RunTime:0.001000s ]
INFO: [ view_filter ] --END-- [ RunTime:0.001000s ]
INFO: [ app_end ] --START--
INFO: Run Behavior\ShowPageTraceBehavior [ RunTime:0.005001s ]
INFO: [ app_end ] --END-- [ RunTime:0.005001s ]

[ 2017-03-28T10:51:48+08:00 ] 127.0.0.1 /Home/goods/goods/goods_id/7.html
INFO: [ app_init ] --START--
INFO: Run Behavior\BuildLiteBehavior [ RunTime:0.000000s ]
INFO: [ app_init ] --END-- [ RunTime:0.000000s ]
INFO: [ app_begin ] --START--
INFO: Run Behavior\ReadHtmlCacheBehavior [ RunTime:0.001000s ]
INFO: [ app_begin ] --END-- [ RunTime:0.001000s ]
SQL: SHOW COLUMNS FROM `goods` [ RunTime:0.0060s ]
SQL: SELECT * FROM `goods` WHERE `goods_id` = 7 LIMIT 1   [ RunTime:0.0010s ]
SQL: SHOW COLUMNS FROM `comment` [ RunTime:0.0040s ]
SQL: SELECT * FROM `comment` WHERE ( 1=1 AND goods_id='7' )  [ RunTime:0.0010s ]
SQL: SHOW COLUMNS FROM `cat` [ RunTime:0.0030s ]
SQL: SELECT * FROM `cat` WHERE `cat_id` = 8 LIMIT 1   [ RunTime:0.0010s ]
SQL: SELECT * FROM `cat` WHERE `cat_id` = 6 LIMIT 1   [ RunTime:0.0000s ]
INFO: [ view_parse ] --START--
INFO: [ template_filter ] --START--
INFO: Run Behavior\ContentReplaceBehavior [ RunTime:0.001000s ]
INFO: [ template_filter ] --END-- [ RunTime:0.001000s ]
INFO: Run Behavior\ParseTemplateBehavior [ RunTime:0.070004s ]
INFO: [ view_parse ] --END-- [ RunTime:0.071004s ]
INFO: [ view_filter ] --START--
INFO: Run Behavior\WriteHtmlCacheBehavior [ RunTime:0.000000s ]
INFO: [ view_filter ] --END-- [ RunTime:0.001000s ]
INFO: [ app_end ] --START--
INFO: Run Behavior\ShowPageTraceBehavior [ RunTime:0.001000s ]
INFO: [ app_end ] --END-- [ RunTime:0.001000s ]

[ 2017-03-28T10:51:48+08:00 ] 127.0.0.1 /Home/goods/goods/goods_id/7.html
INFO: [ app_init ] --START--
INFO: Run Behavior\BuildLiteBehavior [ RunTime:0.000000s ]
INFO: [ app_init ] --END-- [ RunTime:0.001000s ]
INFO: [ app_begin ] --START--
INFO: Run Behavior\ReadHtmlCacheBehavior [ RunTime:0.001000s ]
INFO: [ app_begin ] --END-- [ RunTime:0.001000s ]
SQL: SHOW COLUMNS FROM `goods` [ RunTime:0.0040s ]
SQL: SELECT * FROM `goods` WHERE `goods_id` = 7 LIMIT 1   [ RunTime:0.0020s ]
SQL: SHOW COLUMNS FROM `comment` [ RunTime:0.0060s ]
SQL: SELECT * FROM `comment` WHERE ( 1=1 AND goods_id='7' )  [ RunTime:0.0000s ]
SQL: SHOW COLUMNS FROM `cat` [ RunTime:0.0080s ]
SQL: SELECT * FROM `cat` WHERE `cat_id` = 8 LIMIT 1   [ RunTime:0.0010s ]
SQL: SELECT * FROM `cat` WHERE `cat_id` = 6 LIMIT 1   [ RunTime:0.0010s ]
INFO: [ view_parse ] --START--
INFO: [ template_filter ] --START--
INFO: Run Behavior\ContentReplaceBehavior [ RunTime:0.001000s ]
INFO: [ template_filter ] --END-- [ RunTime:0.001000s ]
INFO: Run Behavior\ParseTemplateBehavior [ RunTime:0.070004s ]
INFO: [ view_parse ] --END-- [ RunTime:0.070004s ]
INFO: [ view_filter ] --START--
INFO: Run Behavior\WriteHtmlCacheBehavior [ RunTime:0.001000s ]
INFO: [ view_filter ] --END-- [ RunTime:0.001000s ]
INFO: [ app_end ] --START--
INFO: Run Behavior\ShowPageTraceBehavior [ RunTime:0.000000s ]
INFO: [ app_end ] --END-- [ RunTime:0.001000s ]

